






Started logging.

>>>
Content-Length: 2163

{"method":"initialize","params":{"processId":19748,"rootPath":"C:\\Users\\edumt\\AppData\\Local\\Temp\\arduino-language-server454419731\\sketch","rootUri":"file:///C:/Users/edumt/AppData/Local/Temp/arduino-language-server454419731/sketch","clientInfo":{"name":"vscode","version":"1.50.0"},"trace":"off","initializationOptions":{},"capabilities":{"workspace":{"workspaceEdit":{"documentChanges":true,"resourceOperations":["create","rename","delete"]},"applyEdit":true,"symbol":{"symbolKind":{"valueSet":[1,2,3,4,5,6,7,8,9,10,11,12,13,14,15,16,17,18,19,20,21,22,23,24,25,26]}},"executeCommand":{"dynamicRegistration":true},"didChangeWatchedFiles":{"dynamicRegistration":true},"workspaceFolders":true,"configuration":true},"textDocument":{"declaration":{"linkSupport":true},"definition":{"linkSupport":true},"implementation":{"linkSupport":true,"dynamicRegistration":true},"typeDefinition":{"linkSupport":true},"synchronization":{"willSave":true,"didSave":true,"willSaveWaitUntil":true},"documentSymbol":{"symbolKind":{"valueSet":[1,2,3,4,5,6,7,8,9,10,11,12,13,14,15,16,17,18,19,20,21,22,23,24,25,26]},"hierarchicalDocumentSymbolSupport":true},"formatting":{"dynamicRegistration":true},"rangeFormatting":{"dynamicRegistration":true},"rename":{"dynamicRegistration":true,"prepareSupport":true},"codeAction":{"dynamicRegistration":true,"isPreferredSupport":true,"codeActionLiteralSupport":{"codeActionKind":{"valueSet":["","quickfix","refactor","refactor.extract","refactor.inline","refactor.rewrite","source","source.organizeImports"]}}},"completion":{"completionItem":{"documentationFormat":["markdown","plaintext"],"snippetSupport":true},"completionItemKind":{"valueSet":[1,2,3,4,5,6,7,8,9,10,11,12,13,14,15,16,17,18,19,20,21,22,23,24,25]},"contextSupport":true},"signatureHelp":{"signatureInformation":{"parameterInformation":{"labelOffsetSupport":true}}},"documentLink":{"dynamicRegistration":true,"tooltipSupport":true},"hover":{"contentFormat":["markdown","plaintext"]},"foldingRange":{"dynamicRegistration":true,"rangeLimit":5000,"lineFoldingOnly":true},"colorProvider":{"dynamicRegistration":true}},"window":{"workDoneProgress":true}}},"id":0,"jsonrpc":"2.0"}
<<<
Content-Length: 1671

{"id":0,"jsonrpc":"2.0","result":{"capabilities":{"astProvider":true,"callHierarchyProvider":true,"codeActionProvider":{"codeActionKinds":["quickfix","refactor","info"]},"compilationDatabase":{"automaticReload":true},"completionProvider":{"allCommitCharacters":[" ","\t","(",")","[","]","{","}","<",">",":",";",",","+","-","/","*","%","^","&","#","?",".","=","\"","'","|"],"resolveProvider":false,"triggerCharacters":[".","<",">",":","\"","/"]},"declarationProvider":true,"definitionProvider":true,"documentFormattingProvider":true,"documentHighlightProvider":true,"documentLinkProvider":{"resolveProvider":false},"documentOnTypeFormattingProvider":{"firstTriggerCharacter":"\n","moreTriggerCharacter":[]},"documentRangeFormattingProvider":true,"documentSymbolProvider":true,"executeCommandProvider":{"commands":["clangd.applyFix","clangd.applyTweak"]},"hoverProvider":true,"implementationProvider":true,"memoryUsageProvider":true,"referencesProvider":true,"renameProvider":{"prepareProvider":true},"selectionRangeProvider":true,"semanticTokensProvider":{"full":{"delta":true},"legend":{"tokenModifiers":[],"tokenTypes":["variable","variable","parameter","function","method","function","property","variable","class","enum","enumMember","type","dependent","dependent","namespace","typeParameter","concept","type","macro","comment"]},"range":false},"signatureHelpProvider":{"triggerCharacters":["(",","]},"textDocumentSync":{"change":2,"openClose":true,"save":true},"typeHierarchyProvider":true,"workspaceSymbolProvider":true},"serverInfo":{"name":"clangd","version":"clangd version 12.0.0 (https://github.com/llvm/llvm-project e841bd5f335864b8c4d81cbf4df08460ef39f2ae)"}}}
>>>
Content-Length: 52

{"method":"initialized","params":{},"jsonrpc":"2.0"}Content-Length: 6097

{"method":"textDocument/didOpen","params":{"textDocument":{"uri":"file:///C:/Users/edumt/AppData/Local/Temp/arduino-language-server454419731/sketch/Cronos2.3.ino.cpp","languageId":"cpp","version":1,"text":"#include \u003cArduino.h\u003e\n#line 1 \"C:\\\\Users\\\\edumt\\\\Documents\\\\GitHub\\\\Baja_Cronos\\\\Cronos2.3\\\\Cronos2.3.ino\"\n//**   Display e seus objetos   **//\n#include \"DigitLedDisplay.h\"  //Biblioteca usada\n//11 6 13 =\u003e MOSI, Control., SCK\n#define MOSI 11\n#define control 6\n#define SCK 13\nDigitLedDisplay crono = DigitLedDisplay(MOSI, control, SCK);  //Objeto usado para controlar o cronometro \nDigitLedDisplay freio = DigitLedDisplay(MOSI, control, SCK);  //Objeto usado para controlar a porcentagem dos freios\n\n//**    Variaveis e controle de tempo   **//\nunsigned long Tempo;  //Variavel de marcacao de tempo\nunsigned long SegA = 0;  //Variavel de segundos\n\nstatic int min, seg, hora = 0;  //controle de impressao\n\n\n//**    Botao e suas funcoes    **//\n#define botao 3  //Porta do botao\nbool flagBot = 0;  //testa se o botao ja foi pressionado\nbool flagBotTemp = 0;  //determina se o tempo ja foi marcado\nunsigned long TempBot = 0;  //determina ha quanto tempo foi apertado\nbool botDesligado = 0;  //variavel de controle para saber se o modo esta desligado\n\n\n//**    Rgb entradas    **//\n#define rgbR 2\n#define rgbG 5\n#define rgbB 4\n\n\n#line 31 \"C:\\\\Users\\\\edumt\\\\Documents\\\\GitHub\\\\Baja_Cronos\\\\Cronos2.3\\\\Cronos2.3.ino\"\nvoid setup();\n#line 53 \"C:\\\\Users\\\\edumt\\\\Documents\\\\GitHub\\\\Baja_Cronos\\\\Cronos2.3\\\\Cronos2.3.ino\"\nvoid loop();\n#line 1 \"C:\\\\Users\\\\edumt\\\\Documents\\\\GitHub\\\\Baja_Cronos\\\\Cronos2.3\\\\buttonRead.ino\"\nvoid buttonRead();\n#line 1 \"C:\\\\Users\\\\edumt\\\\Documents\\\\GitHub\\\\Baja_Cronos\\\\Cronos2.3\\\\cronos.ino\"\nvoid cronos();\n#line 1 \"C:\\\\Users\\\\edumt\\\\Documents\\\\GitHub\\\\Baja_Cronos\\\\Cronos2.3\\\\desligado.ino\"\nvoid desliga();\n#line 1 \"C:\\\\Users\\\\edumt\\\\Documents\\\\GitHub\\\\Baja_Cronos\\\\Cronos2.3\\\\reinicia.ino\"\nvoid reinicia();\n#line 31 \"C:\\\\Users\\\\edumt\\\\Documents\\\\GitHub\\\\Baja_Cronos\\\\Cronos2.3\\\\Cronos2.3.ino\"\nvoid setup() {\n\n  crono.setBright(10);\n  crono.setDigitLimit(3);  //Configuracao do objeto\n\n  freio.setBright(10);\n  freio.setDigitLimit(5);  //Configuracao do objeto\n\n  pinMode(botao, INPUT_PULLUP);  //Configuracao do botao com resistor interno\n\n  pinMode(rgbR, OUTPUT);  //Configuracao do led Vermelho\n  digitalWrite(rgbR, HIGH);  //inicia a porta ligada\n  pinMode(rgbG, OUTPUT);  //Configuracao do led Verde\n  digitalWrite(rgbG, HIGH);  //inicia a porta ligada\n  pinMode(rgbB, OUTPUT);  //Configuracao do led Azul\n  digitalWrite(rgbB, HIGH);  //inicia a porta ligada\n\n  crono.printDigit(0, 1);  //Ocupar os espacos brancos com zero\n\n  Tempo = millis();  //Primeira marca do tempo\n}\n\nvoid loop() {\n  buttonRead();\n  if (botDesligado) {\n    cronos();\n  } else {\n    desliga();\n  }\n}\n\n#line 1 \"C:\\\\Users\\\\edumt\\\\Documents\\\\GitHub\\\\Baja_Cronos\\\\Cronos2.3\\\\buttonRead.ino\"\nvoid buttonRead() {\n\n  if (!digitalRead(botao)) {\n    flagBot = 1;  //pronto para ser solto\n    if (!flagBotTemp) {\n      flagBotTemp = 1;  //impede varias marcacoes de tempo\n      TempBot = millis();\n    }\n  }\n  if (digitalRead(botao) \u0026\u0026 flagBot) {\n    flagBotTemp = flagBot = 0;  //libera para ser pressionado outra vez\n    if (millis() - TempBot \u003c 3000 \u0026\u0026 millis() - TempBot \u003e 1000) {\n      reinicia();\n    } else if (millis() - TempBot \u003e 4000) {\n      reinicia();\n      botDesligado = !botDesligado;  //inverte se esta desligado ou ligado\n    }\n  }\n  \n}\n\n/*\n  basicamente interpreta o primeiro toque com o botao como uma marca\n  a marca e usada para saber o tempo pressionado ate ser solto\n  enquanto pressionado, reinicia o cronometro constantemente para\n  sempre voltar a leitura na forma correta\n*/\n\n#line 1 \"C:\\\\Users\\\\edumt\\\\Documents\\\\GitHub\\\\Baja_Cronos\\\\Cronos2.3\\\\cronos.ino\"\nvoid cronos() {\n  \n  digitalWrite(rgbR, HIGH);\n  seg = ((millis() - Tempo) / 1000);  //Tempo de compilacao desde a ultima marcacao e atribuida a seg\n\n  if (seg \u003e 59) {\n    min++;\n    Tempo = millis();  //Remarca o tempo para menor impresisao\n    seg = 0;\n    crono.printDigit(0, 1);  //Imprimir um zero na segunda posição\n  }//Passagem de um minuto\n\n  if (min \u003e 59) {\n    hora++;\n    min = 0;\n    crono.printDigit(0, 1);  //Imprimir zeros nas posições em branco\n  }//Passagem de uma hora\n\n  if (millis() - SegA \u003e 1000) {\n    SegA = millis();\n    digitalWrite(rgbB, !digitalRead(rgbB));\n  }//Controle da piscada do led\n\n  crono.printDigit(seg);\n  crono.printDigit(min, 2);\n  //Impressao no modo precisao (m:ss) ou para tempos maiores (h:mm)\n  \n}\n\n/*\n  Controla todo o calculo do tempo e do led\n  e a impressão dos valores nos displays pelos\n  objetos da biblioteca\n  calcula quando a diferença entre o fim do ultimo\n  minuto e o atual momento e maior do que 59 segundos,\n  quando isso ocorre, aumenta em um os minutos\n  (faz o mesmo com horas)\n*/\n\n#line 1 \"C:\\\\Users\\\\edumt\\\\Documents\\\\GitHub\\\\Baja_Cronos\\\\Cronos2.3\\\\desligado.ino\"\nvoid desliga() {\n\n  crono.clear();\n  freio.clear();\n  digitalWrite(rgbG, HIGH);\n  digitalWrite(rgbB, HIGH);\n  digitalWrite(rgbR, LOW);\n\n}\n\n/*\n  apaga todos os digitos e liga\n  o led vermelho\n*/\n\n#line 1 \"C:\\\\Users\\\\edumt\\\\Documents\\\\GitHub\\\\Baja_Cronos\\\\Cronos2.3\\\\reinicia.ino\"\nvoid reinicia() {\n  \n  digitalWrite(rgbB, HIGH);\n  digitalWrite(rgbR, HIGH);\n  digitalWrite(rgbG, LOW);\n  delay(500);\n  digitalWrite(rgbG, HIGH);\n\n\n  Tempo = millis();  //Remarcacao do tempo para reiniciar\n\n  crono.printDigit(0, 1);  //Ocupar os espacos brancos com zero\n\n  SegA = millis();\n\n\n  min = 0;\n  hora = 0;\n  \n}\n\n/*\n  liga o led verde por um tempo para\n  mostrar que reiniciou e fez uma nova\n  marca para todos os tempos\n*/\n\n"}},"jsonrpc":"2.0"}Content-Length: 199

{"method":"textDocument/documentSymbol","params":{"textDocument":{"uri":"file:///C:/Users/edumt/AppData/Local/Temp/arduino-language-server454419731/sketch/Cronos2.3.ino.cpp"}},"id":1,"jsonrpc":"2.0"}
<<<
Content-Length: 111

{"id":0,"jsonrpc":"2.0","method":"window/workDoneProgress/create","params":{"token":"backgroundIndexProgress"}}
>>>
Content-Length: 38

{"id":0,"result":null,"jsonrpc":"2.0"}
<<<
Content-Length: 143

{"jsonrpc":"2.0","method":"$/progress","params":{"token":"backgroundIndexProgress","value":{"kind":"begin","percentage":0,"title":"indexing"}}}Content-Length: 141

{"jsonrpc":"2.0","method":"$/progress","params":{"token":"backgroundIndexProgress","value":{"kind":"report","message":"0/1","percentage":0}}}
>>>
Content-Length: 298

{"method":"textDocument/codeAction","params":{"textDocument":{"uri":"file:///C:/Users/edumt/AppData/Local/Temp/arduino-language-server454419731/sketch/Cronos2.3.ino.cpp"},"range":{"start":{"line":2,"character":0},"end":{"line":2,"character":0}},"context":{"diagnostics":[]}},"id":2,"jsonrpc":"2.0"}
<<<
Content-Length: 142

{"jsonrpc":"2.0","method":"$/progress","params":{"token":"backgroundIndexProgress","value":{"kind":"report","message":"0/28","percentage":0}}}Content-Length: 142

{"jsonrpc":"2.0","method":"$/progress","params":{"token":"backgroundIndexProgress","value":{"kind":"report","message":"0/28","percentage":0}}}Content-Length: 159

{"jsonrpc":"2.0","method":"$/progress","params":{"token":"backgroundIndexProgress","value":{"kind":"report","message":"1/28","percentage":3.5714285714285716}}}Content-Length: 159

{"jsonrpc":"2.0","method":"$/progress","params":{"token":"backgroundIndexProgress","value":{"kind":"report","message":"1/28","percentage":3.5714285714285716}}}Content-Length: 159

{"jsonrpc":"2.0","method":"$/progress","params":{"token":"backgroundIndexProgress","value":{"kind":"report","message":"1/28","percentage":3.5714285714285716}}}Content-Length: 159

{"jsonrpc":"2.0","method":"$/progress","params":{"token":"backgroundIndexProgress","value":{"kind":"report","message":"1/28","percentage":3.5714285714285716}}}Content-Length: 208

{"jsonrpc":"2.0","method":"textDocument/publishDiagnostics","params":{"diagnostics":[],"uri":"file:///C:/Users/edumt/AppData/Local/Temp/arduino-language-server454419731/sketch/Cronos2.3.ino.cpp","version":1}}Content-Length: 4440

{"id":1,"jsonrpc":"2.0","result":[{"kind":13,"name":"crono","range":{"end":{"character":59,"line":8},"start":{"character":0,"line":8}},"selectionRange":{"end":{"character":21,"line":8},"start":{"character":16,"line":8}}},{"kind":13,"name":"freio","range":{"end":{"character":59,"line":9},"start":{"character":0,"line":9}},"selectionRange":{"end":{"character":21,"line":9},"start":{"character":16,"line":9}}},{"kind":13,"name":"Tempo","range":{"end":{"character":19,"line":12},"start":{"character":0,"line":12}},"selectionRange":{"end":{"character":19,"line":12},"start":{"character":14,"line":12}}},{"kind":13,"name":"SegA","range":{"end":{"character":22,"line":13},"start":{"character":0,"line":13}},"selectionRange":{"end":{"character":18,"line":13},"start":{"character":14,"line":13}}},{"kind":13,"name":"min","range":{"end":{"character":14,"line":15},"start":{"character":0,"line":15}},"selectionRange":{"end":{"character":14,"line":15},"start":{"character":11,"line":15}}},{"kind":13,"name":"seg","range":{"end":{"character":19,"line":15},"start":{"character":0,"line":15}},"selectionRange":{"end":{"character":19,"line":15},"start":{"character":16,"line":15}}},{"kind":13,"name":"hora","range":{"end":{"character":29,"line":15},"start":{"character":0,"line":15}},"selectionRange":{"end":{"character":25,"line":15},"start":{"character":21,"line":15}}},{"kind":13,"name":"flagBot","range":{"end":{"character":16,"line":20},"start":{"character":0,"line":20}},"selectionRange":{"end":{"character":12,"line":20},"start":{"character":5,"line":20}}},{"kind":13,"name":"flagBotTemp","range":{"end":{"character":20,"line":21},"start":{"character":0,"line":21}},"selectionRange":{"end":{"character":16,"line":21},"start":{"character":5,"line":21}}},{"kind":13,"name":"TempBot","range":{"end":{"character":25,"line":22},"start":{"character":0,"line":22}},"selectionRange":{"end":{"character":21,"line":22},"start":{"character":14,"line":22}}},{"kind":13,"name":"botDesligado","range":{"end":{"character":21,"line":23},"start":{"character":0,"line":23}},"selectionRange":{"end":{"character":17,"line":23},"start":{"character":5,"line":23}}},{"kind":12,"name":"setup","range":{"end":{"character":12,"line":33},"start":{"character":0,"line":33}},"selectionRange":{"end":{"character":10,"line":33},"start":{"character":5,"line":33}}},{"kind":12,"name":"loop","range":{"end":{"character":11,"line":35},"start":{"character":0,"line":35}},"selectionRange":{"end":{"character":9,"line":35},"start":{"character":5,"line":35}}},{"kind":12,"name":"buttonRead","range":{"end":{"character":17,"line":37},"start":{"character":0,"line":37}},"selectionRange":{"end":{"character":15,"line":37},"start":{"character":5,"line":37}}},{"kind":12,"name":"cronos","range":{"end":{"character":13,"line":39},"start":{"character":0,"line":39}},"selectionRange":{"end":{"character":11,"line":39},"start":{"character":5,"line":39}}},{"kind":12,"name":"desliga","range":{"end":{"character":14,"line":41},"start":{"character":0,"line":41}},"selectionRange":{"end":{"character":12,"line":41},"start":{"character":5,"line":41}}},{"kind":12,"name":"reinicia","range":{"end":{"character":15,"line":43},"start":{"character":0,"line":43}},"selectionRange":{"end":{"character":13,"line":43},"start":{"character":5,"line":43}}},{"kind":12,"name":"setup","range":{"end":{"character":1,"line":65},"start":{"character":0,"line":45}},"selectionRange":{"end":{"character":10,"line":45},"start":{"character":5,"line":45}}},{"kind":12,"name":"loop","range":{"end":{"character":1,"line":74},"start":{"character":0,"line":67}},"selectionRange":{"end":{"character":9,"line":67},"start":{"character":5,"line":67}}},{"kind":12,"name":"buttonRead","range":{"end":{"character":1,"line":96},"start":{"character":0,"line":77}},"selectionRange":{"end":{"character":15,"line":77},"start":{"character":5,"line":77}}},{"kind":12,"name":"cronos","range":{"end":{"character":1,"line":133},"start":{"character":0,"line":106}},"selectionRange":{"end":{"character":11,"line":106},"start":{"character":5,"line":106}}},{"kind":12,"name":"desliga","range":{"end":{"character":1,"line":154},"start":{"character":0,"line":146}},"selectionRange":{"end":{"character":12,"line":146},"start":{"character":5,"line":146}}},{"kind":12,"name":"reinicia","range":{"end":{"character":1,"line":181},"start":{"character":0,"line":162}},"selectionRange":{"end":{"character":13,"line":162},"start":{"character":5,"line":162}}}]}Content-Length: 36

{"id":2,"jsonrpc":"2.0","result":[]}
>>>
Content-Length: 300

{"method":"textDocument/codeAction","params":{"textDocument":{"uri":"file:///C:/Users/edumt/AppData/Local/Temp/arduino-language-server454419731/sketch/Cronos2.3.ino.cpp"},"range":{"start":{"line":77,"character":0},"end":{"line":77,"character":0}},"context":{"diagnostics":[]}},"id":3,"jsonrpc":"2.0"}
<<<
Content-Length: 36

{"id":3,"jsonrpc":"2.0","result":[]}
>>>
Content-Length: 302

{"method":"textDocument/codeAction","params":{"textDocument":{"uri":"file:///C:/Users/edumt/AppData/Local/Temp/arduino-language-server454419731/sketch/Cronos2.3.ino.cpp"},"range":{"start":{"line":106,"character":0},"end":{"line":106,"character":0}},"context":{"diagnostics":[]}},"id":4,"jsonrpc":"2.0"}
<<<
Content-Length: 36

{"id":4,"jsonrpc":"2.0","result":[]}
>>>
Content-Length: 302

{"method":"textDocument/codeAction","params":{"textDocument":{"uri":"file:///C:/Users/edumt/AppData/Local/Temp/arduino-language-server454419731/sketch/Cronos2.3.ino.cpp"},"range":{"start":{"line":146,"character":0},"end":{"line":146,"character":0}},"context":{"diagnostics":[]}},"id":5,"jsonrpc":"2.0"}
<<<
Content-Length: 36

{"id":5,"jsonrpc":"2.0","result":[]}
>>>
Content-Length: 302

{"method":"textDocument/codeAction","params":{"textDocument":{"uri":"file:///C:/Users/edumt/AppData/Local/Temp/arduino-language-server454419731/sketch/Cronos2.3.ino.cpp"},"range":{"start":{"line":162,"character":0},"end":{"line":162,"character":0}},"context":{"diagnostics":[]}},"id":6,"jsonrpc":"2.0"}
<<<
Content-Length: 36

{"id":6,"jsonrpc":"2.0","result":[]}
>>>
Content-Length: 228

{"method":"textDocument/hover","params":{"textDocument":{"uri":"file:///C:/Users/edumt/AppData/Local/Temp/arduino-language-server454419731/sketch/Cronos2.3.ino.cpp"},"position":{"line":12,"character":14}},"id":7,"jsonrpc":"2.0"}
<<<
Content-Length: 283

{"id":7,"jsonrpc":"2.0","result":{"contents":{"kind":"markdown","value":"### variable `Tempo`  \n\n---\nType: `unsigned long`  \nVariavel de marcacao de tempo  \n\n---\n```cpp\nunsigned long Tempo\n```"},"range":{"end":{"character":19,"line":12},"start":{"character":14,"line":12}}}}
>>>
Content-Length: 62

{"method":"$/cancelRequest","params":{"id":6},"jsonrpc":"2.0"}
<<<
Content-Length: 159

{"jsonrpc":"2.0","method":"$/progress","params":{"token":"backgroundIndexProgress","value":{"kind":"report","message":"2/28","percentage":7.1428571428571432}}}Content-Length: 159

{"jsonrpc":"2.0","method":"$/progress","params":{"token":"backgroundIndexProgress","value":{"kind":"report","message":"2/28","percentage":7.1428571428571432}}}Content-Length: 159

{"jsonrpc":"2.0","method":"$/progress","params":{"token":"backgroundIndexProgress","value":{"kind":"report","message":"3/28","percentage":10.714285714285714}}}Content-Length: 159

{"jsonrpc":"2.0","method":"$/progress","params":{"token":"backgroundIndexProgress","value":{"kind":"report","message":"3/28","percentage":10.714285714285714}}}Content-Length: 159

{"jsonrpc":"2.0","method":"$/progress","params":{"token":"backgroundIndexProgress","value":{"kind":"report","message":"4/28","percentage":14.285714285714286}}}Content-Length: 159

{"jsonrpc":"2.0","method":"$/progress","params":{"token":"backgroundIndexProgress","value":{"kind":"report","message":"4/28","percentage":14.285714285714286}}}Content-Length: 159

{"jsonrpc":"2.0","method":"$/progress","params":{"token":"backgroundIndexProgress","value":{"kind":"report","message":"5/28","percentage":17.857142857142858}}}Content-Length: 159

{"jsonrpc":"2.0","method":"$/progress","params":{"token":"backgroundIndexProgress","value":{"kind":"report","message":"5/28","percentage":17.857142857142858}}}Content-Length: 159

{"jsonrpc":"2.0","method":"$/progress","params":{"token":"backgroundIndexProgress","value":{"kind":"report","message":"6/28","percentage":21.428571428571427}}}Content-Length: 159

{"jsonrpc":"2.0","method":"$/progress","params":{"token":"backgroundIndexProgress","value":{"kind":"report","message":"6/28","percentage":21.428571428571427}}}Content-Length: 143

{"jsonrpc":"2.0","method":"$/progress","params":{"token":"backgroundIndexProgress","value":{"kind":"report","message":"7/28","percentage":25}}}Content-Length: 143

{"jsonrpc":"2.0","method":"$/progress","params":{"token":"backgroundIndexProgress","value":{"kind":"report","message":"7/28","percentage":25}}}Content-Length: 159

{"jsonrpc":"2.0","method":"$/progress","params":{"token":"backgroundIndexProgress","value":{"kind":"report","message":"8/28","percentage":28.571428571428573}}}Content-Length: 159

{"jsonrpc":"2.0","method":"$/progress","params":{"token":"backgroundIndexProgress","value":{"kind":"report","message":"8/28","percentage":28.571428571428573}}}Content-Length: 159

{"jsonrpc":"2.0","method":"$/progress","params":{"token":"backgroundIndexProgress","value":{"kind":"report","message":"9/28","percentage":32.142857142857146}}}Content-Length: 159

{"jsonrpc":"2.0","method":"$/progress","params":{"token":"backgroundIndexProgress","value":{"kind":"report","message":"9/28","percentage":32.142857142857146}}}Content-Length: 160

{"jsonrpc":"2.0","method":"$/progress","params":{"token":"backgroundIndexProgress","value":{"kind":"report","message":"10/28","percentage":35.714285714285715}}}Content-Length: 160

{"jsonrpc":"2.0","method":"$/progress","params":{"token":"backgroundIndexProgress","value":{"kind":"report","message":"10/28","percentage":35.714285714285715}}}Content-Length: 160

{"jsonrpc":"2.0","method":"$/progress","params":{"token":"backgroundIndexProgress","value":{"kind":"report","message":"11/28","percentage":39.285714285714285}}}Content-Length: 160

{"jsonrpc":"2.0","method":"$/progress","params":{"token":"backgroundIndexProgress","value":{"kind":"report","message":"11/28","percentage":39.285714285714285}}}Content-Length: 160

{"jsonrpc":"2.0","method":"$/progress","params":{"token":"backgroundIndexProgress","value":{"kind":"report","message":"12/28","percentage":42.857142857142854}}}Content-Length: 160

{"jsonrpc":"2.0","method":"$/progress","params":{"token":"backgroundIndexProgress","value":{"kind":"report","message":"12/28","percentage":42.857142857142854}}}Content-Length: 160

{"jsonrpc":"2.0","method":"$/progress","params":{"token":"backgroundIndexProgress","value":{"kind":"report","message":"13/28","percentage":46.428571428571431}}}Content-Length: 160

{"jsonrpc":"2.0","method":"$/progress","params":{"token":"backgroundIndexProgress","value":{"kind":"report","message":"13/28","percentage":46.428571428571431}}}Content-Length: 144

{"jsonrpc":"2.0","method":"$/progress","params":{"token":"backgroundIndexProgress","value":{"kind":"report","message":"14/28","percentage":50}}}Content-Length: 144

{"jsonrpc":"2.0","method":"$/progress","params":{"token":"backgroundIndexProgress","value":{"kind":"report","message":"14/28","percentage":50}}}Content-Length: 160

{"jsonrpc":"2.0","method":"$/progress","params":{"token":"backgroundIndexProgress","value":{"kind":"report","message":"15/28","percentage":53.571428571428569}}}Content-Length: 160

{"jsonrpc":"2.0","method":"$/progress","params":{"token":"backgroundIndexProgress","value":{"kind":"report","message":"15/28","percentage":53.571428571428569}}}Content-Length: 160

{"jsonrpc":"2.0","method":"$/progress","params":{"token":"backgroundIndexProgress","value":{"kind":"report","message":"16/28","percentage":57.142857142857146}}}Content-Length: 160

{"jsonrpc":"2.0","method":"$/progress","params":{"token":"backgroundIndexProgress","value":{"kind":"report","message":"16/28","percentage":57.142857142857146}}}Content-Length: 160

{"jsonrpc":"2.0","method":"$/progress","params":{"token":"backgroundIndexProgress","value":{"kind":"report","message":"17/28","percentage":60.714285714285715}}}Content-Length: 160

{"jsonrpc":"2.0","method":"$/progress","params":{"token":"backgroundIndexProgress","value":{"kind":"report","message":"17/28","percentage":60.714285714285715}}}Content-Length: 160

{"jsonrpc":"2.0","method":"$/progress","params":{"token":"backgroundIndexProgress","value":{"kind":"report","message":"18/28","percentage":64.285714285714292}}}Content-Length: 160

{"jsonrpc":"2.0","method":"$/progress","params":{"token":"backgroundIndexProgress","value":{"kind":"report","message":"18/28","percentage":64.285714285714292}}}Content-Length: 160

{"jsonrpc":"2.0","method":"$/progress","params":{"token":"backgroundIndexProgress","value":{"kind":"report","message":"19/28","percentage":67.857142857142861}}}Content-Length: 160

{"jsonrpc":"2.0","method":"$/progress","params":{"token":"backgroundIndexProgress","value":{"kind":"report","message":"19/28","percentage":67.857142857142861}}}Content-Length: 160

{"jsonrpc":"2.0","method":"$/progress","params":{"token":"backgroundIndexProgress","value":{"kind":"report","message":"20/28","percentage":71.428571428571431}}}Content-Length: 160

{"jsonrpc":"2.0","method":"$/progress","params":{"token":"backgroundIndexProgress","value":{"kind":"report","message":"20/28","percentage":71.428571428571431}}}Content-Length: 144

{"jsonrpc":"2.0","method":"$/progress","params":{"token":"backgroundIndexProgress","value":{"kind":"report","message":"21/28","percentage":75}}}Content-Length: 144

{"jsonrpc":"2.0","method":"$/progress","params":{"token":"backgroundIndexProgress","value":{"kind":"report","message":"21/28","percentage":75}}}Content-Length: 160

{"jsonrpc":"2.0","method":"$/progress","params":{"token":"backgroundIndexProgress","value":{"kind":"report","message":"22/28","percentage":78.571428571428569}}}Content-Length: 160

{"jsonrpc":"2.0","method":"$/progress","params":{"token":"backgroundIndexProgress","value":{"kind":"report","message":"22/28","percentage":78.571428571428569}}}Content-Length: 160

{"jsonrpc":"2.0","method":"$/progress","params":{"token":"backgroundIndexProgress","value":{"kind":"report","message":"23/28","percentage":82.142857142857139}}}Content-Length: 160

{"jsonrpc":"2.0","method":"$/progress","params":{"token":"backgroundIndexProgress","value":{"kind":"report","message":"23/28","percentage":82.142857142857139}}}Content-Length: 160

{"jsonrpc":"2.0","method":"$/progress","params":{"token":"backgroundIndexProgress","value":{"kind":"report","message":"24/28","percentage":85.714285714285708}}}Content-Length: 160

{"jsonrpc":"2.0","method":"$/progress","params":{"token":"backgroundIndexProgress","value":{"kind":"report","message":"24/28","percentage":85.714285714285708}}}Content-Length: 160

{"jsonrpc":"2.0","method":"$/progress","params":{"token":"backgroundIndexProgress","value":{"kind":"report","message":"25/28","percentage":89.285714285714292}}}Content-Length: 160

{"jsonrpc":"2.0","method":"$/progress","params":{"token":"backgroundIndexProgress","value":{"kind":"report","message":"26/28","percentage":92.857142857142861}}}Content-Length: 160

{"jsonrpc":"2.0","method":"$/progress","params":{"token":"backgroundIndexProgress","value":{"kind":"report","message":"27/28","percentage":96.428571428571431}}}Content-Length: 107

{"jsonrpc":"2.0","method":"$/progress","params":{"token":"backgroundIndexProgress","value":{"kind":"end"}}}