






Started logging.
I[14:07:46.239] clangd version 12.0.0 (https://github.com/llvm/llvm-project e841bd5f335864b8c4d81cbf4df08460ef39f2ae)
I[14:07:46.240] PID: 20336
I[14:07:46.240] Working directory: c:\Users\edumt\Documents\GitHub\Baja_Cronos\Cronos2.3
I[14:07:46.240] argv[0]: c:\Users\edumt\AppData\Local\Programs\Arduino IDE\resources\app\node_modules\arduino-ide-extension\build\bin\clangd.exe
I[14:07:46.240] argv[1]: -log=verbose
I[14:07:46.240] argv[2]: --compile-commands-dir=C:\Users\edumt\AppData\Local\Temp\arduino-language-server454419731
I[14:07:46.240] argv[3]: -query-driver=C:\Users\edumt\AppData\Local\Arduino15\packages\**
V[14:07:46.248] User config file is C:\Users\edumt\AppData\Local\clangd\config.yaml
I[14:07:46.248] Starting LSP over stdin/stdout
V[14:07:46.248] <<< {"id":0,"jsonrpc":"2.0","method":"initialize","params":{"capabilities":{"textDocument":{"codeAction":{"codeActionLiteralSupport":{"codeActionKind":{"valueSet":["","quickfix","refactor","refactor.extract","refactor.inline","refactor.rewrite","source","source.organizeImports"]}},"dynamicRegistration":true,"isPreferredSupport":true},"colorProvider":{"dynamicRegistration":true},"completion":{"completionItem":{"documentationFormat":["markdown","plaintext"],"snippetSupport":true},"completionItemKind":{"valueSet":[1,2,3,4,5,6,7,8,9,10,11,12,13,14,15,16,17,18,19,20,21,22,23,24,25]},"contextSupport":true},"declaration":{"linkSupport":true},"definition":{"linkSupport":true},"documentLink":{"dynamicRegistration":true,"tooltipSupport":true},"documentSymbol":{"hierarchicalDocumentSymbolSupport":true,"symbolKind":{"valueSet":[1,2,3,4,5,6,7,8,9,10,11,12,13,14,15,16,17,18,19,20,21,22,23,24,25,26]}},"foldingRange":{"dynamicRegistration":true,"lineFoldingOnly":true,"rangeLimit":5000},"formatting":{"dynamicRegistration":true},"hover":{"contentFormat":["markdown","plaintext"]},"implementation":{"dynamicRegistration":true,"linkSupport":true},"rangeFormatting":{"dynamicRegistration":true},"rename":{"dynamicRegistration":true,"prepareSupport":true},"signatureHelp":{"signatureInformation":{"parameterInformation":{"labelOffsetSupport":true}}},"synchronization":{"didSave":true,"willSave":true,"willSaveWaitUntil":true},"typeDefinition":{"linkSupport":true}},"window":{"workDoneProgress":true},"workspace":{"applyEdit":true,"configuration":true,"didChangeWatchedFiles":{"dynamicRegistration":true},"executeCommand":{"dynamicRegistration":true},"symbol":{"symbolKind":{"valueSet":[1,2,3,4,5,6,7,8,9,10,11,12,13,14,15,16,17,18,19,20,21,22,23,24,25,26]}},"workspaceEdit":{"documentChanges":true,"resourceOperations":["create","rename","delete"]},"workspaceFolders":true}},"clientInfo":{"name":"vscode","version":"1.50.0"},"initializationOptions":{},"processId":19748,"rootPath":"C:\\Users\\edumt\\AppData\\Local\\Temp\\arduino-language-server454419731\\sketch","rootUri":"file:///C:/Users/edumt/AppData/Local/Temp/arduino-language-server454419731/sketch","trace":"off"}}

I[14:07:46.248] <-- initialize(0)
I[14:07:46.271] --> reply:initialize(0) 22 ms
V[14:07:46.271] >>> {"id":0,"jsonrpc":"2.0","result":{"capabilities":{"astProvider":true,"callHierarchyProvider":true,"codeActionProvider":{"codeActionKinds":["quickfix","refactor","info"]},"compilationDatabase":{"automaticReload":true},"completionProvider":{"allCommitCharacters":[" ","\t","(",")","[","]","{","}","<",">",":",";",",","+","-","/","*","%","^","&","#","?",".","=","\"","'","|"],"resolveProvider":false,"triggerCharacters":[".","<",">",":","\"","/"]},"declarationProvider":true,"definitionProvider":true,"documentFormattingProvider":true,"documentHighlightProvider":true,"documentLinkProvider":{"resolveProvider":false},"documentOnTypeFormattingProvider":{"firstTriggerCharacter":"\n","moreTriggerCharacter":[]},"documentRangeFormattingProvider":true,"documentSymbolProvider":true,"executeCommandProvider":{"commands":["clangd.applyFix","clangd.applyTweak"]},"hoverProvider":true,"implementationProvider":true,"memoryUsageProvider":true,"referencesProvider":true,"renameProvider":{"prepareProvider":true},"selectionRangeProvider":true,"semanticTokensProvider":{"full":{"delta":true},"legend":{"tokenModifiers":[],"tokenTypes":["variable","variable","parameter","function","method","function","property","variable","class","enum","enumMember","type","dependent","dependent","namespace","typeParameter","concept","type","macro","comment"]},"range":false},"signatureHelpProvider":{"triggerCharacters":["(",","]},"textDocumentSync":{"change":2,"openClose":true,"save":true},"typeHierarchyProvider":true,"workspaceSymbolProvider":true},"serverInfo":{"name":"clangd","version":"clangd version 12.0.0 (https://github.com/llvm/llvm-project e841bd5f335864b8c4d81cbf4df08460ef39f2ae)"}}}

V[14:07:46.272] <<< {"jsonrpc":"2.0","method":"initialized","params":{}}

I[14:07:46.272] <-- initialized
V[14:07:46.279] <<< {"jsonrpc":"2.0","method":"textDocument/didOpen","params":{"textDocument":{"languageId":"cpp","text":"#include <Arduino.h>\n#line 1 \"C:\\\\Users\\\\edumt\\\\Documents\\\\GitHub\\\\Baja_Cronos\\\\Cronos2.3\\\\Cronos2.3.ino\"\n//**   Display e seus objetos   **//\n#include \"DigitLedDisplay.h\"  //Biblioteca usada\n//11 6 13 => MOSI, Control., SCK\n#define MOSI 11\n#define control 6\n#define SCK 13\nDigitLedDisplay crono = DigitLedDisplay(MOSI, control, SCK);  //Objeto usado para controlar o cronometro \nDigitLedDisplay freio = DigitLedDisplay(MOSI, control, SCK);  //Objeto usado para controlar a porcentagem dos freios\n\n//**    Variaveis e controle de tempo   **//\nunsigned long Tempo;  //Variavel de marcacao de tempo\nunsigned long SegA = 0;  //Variavel de segundos\n\nstatic int min, seg, hora = 0;  //controle de impressao\n\n\n//**    Botao e suas funcoes    **//\n#define botao 3  //Porta do botao\nbool flagBot = 0;  //testa se o botao ja foi pressionado\nbool flagBotTemp = 0;  //determina se o tempo ja foi marcado\nunsigned long TempBot = 0;  //determina ha quanto tempo foi apertado\nbool botDesligado = 0;  //variavel de controle para saber se o modo esta desligado\n\n\n//**    Rgb entradas    **//\n#define rgbR 2\n#define rgbG 5\n#define rgbB 4\n\n\n#line 31 \"C:\\\\Users\\\\edumt\\\\Documents\\\\GitHub\\\\Baja_Cronos\\\\Cronos2.3\\\\Cronos2.3.ino\"\nvoid setup();\n#line 53 \"C:\\\\Users\\\\edumt\\\\Documents\\\\GitHub\\\\Baja_Cronos\\\\Cronos2.3\\\\Cronos2.3.ino\"\nvoid loop();\n#line 1 \"C:\\\\Users\\\\edumt\\\\Documents\\\\GitHub\\\\Baja_Cronos\\\\Cronos2.3\\\\buttonRead.ino\"\nvoid buttonRead();\n#line 1 \"C:\\\\Users\\\\edumt\\\\Documents\\\\GitHub\\\\Baja_Cronos\\\\Cronos2.3\\\\cronos.ino\"\nvoid cronos();\n#line 1 \"C:\\\\Users\\\\edumt\\\\Documents\\\\GitHub\\\\Baja_Cronos\\\\Cronos2.3\\\\desligado.ino\"\nvoid desliga();\n#line 1 \"C:\\\\Users\\\\edumt\\\\Documents\\\\GitHub\\\\Baja_Cronos\\\\Cronos2.3\\\\reinicia.ino\"\nvoid reinicia();\n#line 31 \"C:\\\\Users\\\\edumt\\\\Documents\\\\GitHub\\\\Baja_Cronos\\\\Cronos2.3\\\\Cronos2.3.ino\"\nvoid setup() {\n\n  crono.setBright(10);\n  crono.setDigitLimit(3);  //Configuracao do objeto\n\n  freio.setBright(10);\n  freio.setDigitLimit(5);  //Configuracao do objeto\n\n  pinMode(botao, INPUT_PULLUP);  //Configuracao do botao com resistor interno\n\n  pinMode(rgbR, OUTPUT);  //Configuracao do led Vermelho\n  digitalWrite(rgbR, HIGH);  //inicia a porta ligada\n  pinMode(rgbG, OUTPUT);  //Configuracao do led Verde\n  digitalWrite(rgbG, HIGH);  //inicia a porta ligada\n  pinMode(rgbB, OUTPUT);  //Configuracao do led Azul\n  digitalWrite(rgbB, HIGH);  //inicia a porta ligada\n\n  crono.printDigit(0, 1);  //Ocupar os espacos brancos com zero\n\n  Tempo = millis();  //Primeira marca do tempo\n}\n\nvoid loop() {\n  buttonRead();\n  if (botDesligado) {\n    cronos();\n  } else {\n    desliga();\n  }\n}\n\n#line 1 \"C:\\\\Users\\\\edumt\\\\Documents\\\\GitHub\\\\Baja_Cronos\\\\Cronos2.3\\\\buttonRead.ino\"\nvoid buttonRead() {\n\n  if (!digitalRead(botao)) {\n    flagBot = 1;  //pronto para ser solto\n    if (!flagBotTemp) {\n      flagBotTemp = 1;  //impede varias marcacoes de tempo\n      TempBot = millis();\n    }\n  }\n  if (digitalRead(botao) && flagBot) {\n    flagBotTemp = flagBot = 0;  //libera para ser pressionado outra vez\n    if (millis() - TempBot < 3000 && millis() - TempBot > 1000) {\n      reinicia();\n    } else if (millis() - TempBot > 4000) {\n      reinicia();\n      botDesligado = !botDesligado;  //inverte se esta desligado ou ligado\n    }\n  }\n  \n}\n\n/*\n  basicamente interpreta o primeiro toque com o botao como uma marca\n  a marca e usada para saber o tempo pressionado ate ser solto\n  enquanto pressionado, reinicia o cronometro constantemente para\n  sempre voltar a leitura na forma correta\n*/\n\n#line 1 \"C:\\\\Users\\\\edumt\\\\Documents\\\\GitHub\\\\Baja_Cronos\\\\Cronos2.3\\\\cronos.ino\"\nvoid cronos() {\n  \n  digitalWrite(rgbR, HIGH);\n  seg = ((millis() - Tempo) / 1000);  //Tempo de compilacao desde a ultima marcacao e atribuida a seg\n\n  if (seg > 59) {\n    min++;\n    Tempo = millis();  //Remarca o tempo para menor impresisao\n    seg = 0;\n    crono.printDigit(0, 1);  //Imprimir um zero na segunda posição\n  }//Passagem de um minuto\n\n  if (min > 59) {\n    hora++;\n    min = 0;\n    crono.printDigit(0, 1);  //Imprimir zeros nas posições em branco\n  }//Passagem de uma hora\n\n  if (millis() - SegA > 1000) {\n    SegA = millis();\n    digitalWrite(rgbB, !digitalRead(rgbB));\n  }//Controle da piscada do led\n\n  crono.printDigit(seg);\n  crono.printDigit(min, 2);\n  //Impressao no modo precisao (m:ss) ou para tempos maiores (h:mm)\n  \n}\n\n/*\n  Controla todo o calculo do tempo e do led\n  e a impressão dos valores nos displays pelos\n  objetos da biblioteca\n  calcula quando a diferença entre o fim do ultimo\n  minuto e o atual momento e maior do que 59 segundos,\n  quando isso ocorre, aumenta em um os minutos\n  (faz o mesmo com horas)\n*/\n\n#line 1 \"C:\\\\Users\\\\edumt\\\\Documents\\\\GitHub\\\\Baja_Cronos\\\\Cronos2.3\\\\desligado.ino\"\nvoid desliga() {\n\n  crono.clear();\n  freio.clear();\n  digitalWrite(rgbG, HIGH);\n  digitalWrite(rgbB, HIGH);\n  digitalWrite(rgbR, LOW);\n\n}\n\n/*\n  apaga todos os digitos e liga\n  o led vermelho\n*/\n\n#line 1 \"C:\\\\Users\\\\edumt\\\\Documents\\\\GitHub\\\\Baja_Cronos\\\\Cronos2.3\\\\reinicia.ino\"\nvoid reinicia() {\n  \n  digitalWrite(rgbB, HIGH);\n  digitalWrite(rgbR, HIGH);\n  digitalWrite(rgbG, LOW);\n  delay(500);\n  digitalWrite(rgbG, HIGH);\n\n\n  Tempo = millis();  //Remarcacao do tempo para reiniciar\n\n  crono.printDigit(0, 1);  //Ocupar os espacos brancos com zero\n\n  SegA = millis();\n\n\n  min = 0;\n  hora = 0;\n  \n}\n\n/*\n  liga o led verde por um tempo para\n  mostrar que reiniciou e fez uma nova\n  marca para todos os tempos\n*/\n\n","uri":"file:///C:/Users/edumt/AppData/Local/Temp/arduino-language-server454419731/sketch/Cronos2.3.ino.cpp","version":1}}}

I[14:07:46.279] <-- textDocument/didOpen
V[14:07:46.282] <<< {"id":1,"jsonrpc":"2.0","method":"textDocument/documentSymbol","params":{"textDocument":{"uri":"file:///C:/Users/edumt/AppData/Local/Temp/arduino-language-server454419731/sketch/Cronos2.3.ino.cpp"}}}

I[14:07:46.282] <-- textDocument/documentSymbol(1)
I[14:07:46.285] Loaded compilation database from C:\Users\edumt\AppData\Local\Temp\arduino-language-server454419731\compile_commands.json
V[14:07:46.285] Broadcasting compilation database from C:\Users\edumt\AppData\Local\Temp\arduino-language-server454419731
I[14:07:46.285] --> window/workDoneProgress/create(0)
V[14:07:46.285] >>> {"id":0,"jsonrpc":"2.0","method":"window/workDoneProgress/create","params":{"token":"backgroundIndexProgress"}}

I[14:07:46.285] Enqueueing 27 commands for indexing
V[14:07:46.289] <<< {"id":0,"jsonrpc":"2.0","result":null}

I[14:07:46.289] <-- reply(0)
I[14:07:46.289] --> $/progress
V[14:07:46.289] >>> {"jsonrpc":"2.0","method":"$/progress","params":{"token":"backgroundIndexProgress","value":{"kind":"begin","percentage":0,"title":"indexing"}}}

I[14:07:46.289] --> $/progress
V[14:07:46.289] >>> {"jsonrpc":"2.0","method":"$/progress","params":{"token":"backgroundIndexProgress","value":{"kind":"report","message":"0/1","percentage":0}}}

V[14:07:46.296] Failed to load shard: C:\Users\edumt\AppData\Local\Arduino15\packages\arduino\hardware\avr\1.8.3\cores\arduino\new.cpp
V[14:07:46.296] Failed to load shard: C:\Users\edumt\AppData\Local\Arduino15\packages\arduino\hardware\avr\1.8.3\cores\arduino\Stream.cpp
V[14:07:46.296] Failed to load shard: C:\Users\edumt\AppData\Local\Arduino15\packages\arduino\hardware\avr\1.8.3\cores\arduino\wiring_shift.c
V[14:07:46.296] Failed to load shard: C:\Users\edumt\AppData\Local\Arduino15\packages\arduino\hardware\avr\1.8.3\cores\arduino\HardwareSerial.cpp
V[14:07:46.297] Failed to load shard: C:\Users\edumt\AppData\Local\Arduino15\packages\arduino\hardware\avr\1.8.3\cores\arduino\WString.cpp
V[14:07:46.297] Failed to load shard: C:\Users\edumt\AppData\Local\Arduino15\packages\arduino\hardware\avr\1.8.3\cores\arduino\abi.cpp
V[14:07:46.297] Failed to load shard: C:\Users\edumt\AppData\Local\Arduino15\packages\arduino\hardware\avr\1.8.3\cores\arduino\USBCore.cpp
V[14:07:46.297] Failed to load shard: C:\Users\edumt\AppData\Local\Arduino15\packages\arduino\hardware\avr\1.8.3\cores\arduino\WInterrupts.c
V[14:07:46.297] Failed to load shard: C:\Users\edumt\AppData\Local\Arduino15\packages\arduino\hardware\avr\1.8.3\cores\arduino\wiring_pulse.c
V[14:07:46.297] Failed to load shard: C:\Users\edumt\AppData\Local\Arduino15\packages\arduino\hardware\avr\1.8.3\cores\arduino\PluggableUSB.cpp
V[14:07:46.297] Failed to load shard: C:\Users\edumt\AppData\Local\Arduino15\packages\arduino\hardware\avr\1.8.3\cores\arduino\IPAddress.cpp
V[14:07:46.297] Failed to load shard: C:\Users\edumt\AppData\Local\Arduino15\packages\arduino\hardware\avr\1.8.3\cores\arduino\wiring_analog.c
V[14:07:46.297] Failed to load shard: C:\Users\edumt\AppData\Local\Arduino15\packages\arduino\hardware\avr\1.8.3\cores\arduino\WMath.cpp
V[14:07:46.297] Failed to load shard: C:\Users\edumt\AppData\Local\Arduino15\packages\arduino\hardware\avr\1.8.3\cores\arduino\hooks.c
V[14:07:46.297] Failed to load shard: C:\Users\edumt\Documents\Arduino\libraries\DigitLedDisplay\src\DigitLedDisplay.cpp
V[14:07:46.297] Failed to load shard: C:\Users\edumt\AppData\Local\Arduino15\packages\arduino\hardware\avr\1.8.3\cores\arduino\CDC.cpp
V[14:07:46.297] Failed to load shard: C:\Users\edumt\AppData\Local\Arduino15\packages\arduino\hardware\avr\1.8.3\cores\arduino\wiring_digital.c
V[14:07:46.297] Failed to load shard: C:\Users\edumt\AppData\Local\Arduino15\packages\arduino\hardware\avr\1.8.3\cores\arduino\Print.cpp
V[14:07:46.298] Failed to load shard: C:\Users\edumt\AppData\Local\Arduino15\packages\arduino\hardware\avr\1.8.3\cores\arduino\wiring.c
V[14:07:46.298] Failed to load shard: C:\Users\edumt\AppData\Local\Arduino15\packages\arduino\hardware\avr\1.8.3\cores\arduino\Tone.cpp
V[14:07:46.298] Failed to load shard: C:\Users\edumt\AppData\Local\Arduino15\packages\arduino\hardware\avr\1.8.3\cores\arduino\HardwareSerial0.cpp
V[14:07:46.298] Failed to load shard: C:\Users\edumt\AppData\Local\Temp\arduino-language-server454419731\sketch\Cronos2.3.ino.cpp
V[14:07:46.298] Failed to load shard: C:\Users\edumt\AppData\Local\Arduino15\packages\arduino\hardware\avr\1.8.3\cores\arduino\HardwareSerial1.cpp
V[14:07:46.298] Failed to load shard: C:\Users\edumt\AppData\Local\Arduino15\packages\arduino\hardware\avr\1.8.3\cores\arduino\HardwareSerial3.cpp
V[14:07:46.298] Failed to load shard: C:\Users\edumt\AppData\Local\Arduino15\packages\arduino\hardware\avr\1.8.3\cores\arduino\HardwareSerial2.cpp
V[14:07:46.298] Failed to load shard: C:\Users\edumt\AppData\Local\Arduino15\packages\arduino\hardware\avr\1.8.3\cores\arduino\main.cpp
V[14:07:46.298] Failed to load shard: C:\Users\edumt\AppData\Local\Arduino15\packages\arduino\hardware\avr\1.8.3\cores\arduino\wiring_pulse.S
V[14:07:46.305] <<< {"id":2,"jsonrpc":"2.0","method":"textDocument/codeAction","params":{"context":{"diagnostics":[]},"range":{"end":{"character":0,"line":2},"start":{"character":0,"line":2}},"textDocument":{"uri":"file:///C:/Users/edumt/AppData/Local/Temp/arduino-language-server454419731/sketch/Cronos2.3.ino.cpp"}}}

I[14:07:46.305] <-- textDocument/codeAction(2)
I[14:07:46.305] --> $/progress
V[14:07:46.306] >>> {"jsonrpc":"2.0","method":"$/progress","params":{"token":"backgroundIndexProgress","value":{"kind":"report","message":"0/28","percentage":0}}}

I[14:07:46.306] --> $/progress
V[14:07:46.306] >>> {"jsonrpc":"2.0","method":"$/progress","params":{"token":"backgroundIndexProgress","value":{"kind":"report","message":"0/28","percentage":0}}}

I[14:07:46.306] --> $/progress
V[14:07:46.306] >>> {"jsonrpc":"2.0","method":"$/progress","params":{"token":"backgroundIndexProgress","value":{"kind":"report","message":"1/28","percentage":3.5714285714285716}}}

I[14:07:46.306] --> $/progress
V[14:07:46.306] >>> {"jsonrpc":"2.0","method":"$/progress","params":{"token":"backgroundIndexProgress","value":{"kind":"report","message":"1/28","percentage":3.5714285714285716}}}

I[14:07:46.306] --> $/progress
V[14:07:46.306] >>> {"jsonrpc":"2.0","method":"$/progress","params":{"token":"backgroundIndexProgress","value":{"kind":"report","message":"1/28","percentage":3.5714285714285716}}}

I[14:07:46.306] --> $/progress
V[14:07:46.306] >>> {"jsonrpc":"2.0","method":"$/progress","params":{"token":"backgroundIndexProgress","value":{"kind":"report","message":"1/28","percentage":3.5714285714285716}}}

V[14:07:46.413] System include extraction: target extracted: "avr"
V[14:07:46.413] System include extraction: adding  c:\users\edumt\appdata\local\arduino15\packages\arduino\tools\avr-gcc\7.3.0-atmel3.6.1-arduino7\bin\../lib/gcc/avr/7.3.0/include
V[14:07:46.413] System include extraction: adding  c:\users\edumt\appdata\local\arduino15\packages\arduino\tools\avr-gcc\7.3.0-atmel3.6.1-arduino7\bin\../lib/gcc/avr/7.3.0/include-fixed
V[14:07:46.413] System include extraction: adding  c:\users\edumt\appdata\local\arduino15\packages\arduino\tools\avr-gcc\7.3.0-atmel3.6.1-arduino7\bin\../lib/gcc/avr/7.3.0/../../../../avr/include
I[14:07:46.413] System includes extractor: successfully executed C:\Users\edumt\AppData\Local\Arduino15\packages\arduino\tools\avr-gcc\7.3.0-atmel3.6.1-arduino7\bin\avr-g++.exe
	got includes: "c:\users\edumt\appdata\local\arduino15\packages\arduino\tools\avr-gcc\7.3.0-atmel3.6.1-arduino7\bin\../lib/gcc/avr/7.3.0/include, c:\users\edumt\appdata\local\arduino15\packages\arduino\tools\avr-gcc\7.3.0-atmel3.6.1-arduino7\bin\../lib/gcc/avr/7.3.0/include-fixed, c:\users\edumt\appdata\local\arduino15\packages\arduino\tools\avr-gcc\7.3.0-atmel3.6.1-arduino7\bin\../lib/gcc/avr/7.3.0/../../../../avr/include"
	got target: "avr"
V[14:07:46.413] System include extraction: target extracted: "avr"
V[14:07:46.413] System include extraction: adding  c:\users\edumt\appdata\local\arduino15\packages\arduino\tools\avr-gcc\7.3.0-atmel3.6.1-arduino7\bin\../lib/gcc/avr/7.3.0/include
V[14:07:46.413] System include extraction: adding  c:\users\edumt\appdata\local\arduino15\packages\arduino\tools\avr-gcc\7.3.0-atmel3.6.1-arduino7\bin\../lib/gcc/avr/7.3.0/include-fixed
V[14:07:46.413] System include extraction: adding  c:\users\edumt\appdata\local\arduino15\packages\arduino\tools\avr-gcc\7.3.0-atmel3.6.1-arduino7\bin\../lib/gcc/avr/7.3.0/../../../../avr/include
I[14:07:46.413] System includes extractor: successfully executed C:\Users\edumt\AppData\Local\Arduino15\packages\arduino\tools\avr-gcc\7.3.0-atmel3.6.1-arduino7\bin\avr-g++.exe
	got includes: "c:\users\edumt\appdata\local\arduino15\packages\arduino\tools\avr-gcc\7.3.0-atmel3.6.1-arduino7\bin\../lib/gcc/avr/7.3.0/include, c:\users\edumt\appdata\local\arduino15\packages\arduino\tools\avr-gcc\7.3.0-atmel3.6.1-arduino7\bin\../lib/gcc/avr/7.3.0/include-fixed, c:\users\edumt\appdata\local\arduino15\packages\arduino\tools\avr-gcc\7.3.0-atmel3.6.1-arduino7\bin\../lib/gcc/avr/7.3.0/../../../../avr/include"
	got target: "avr"
I[14:07:46.413] ASTWorker building file C:\Users\edumt\AppData\Local\Temp\arduino-language-server454419731\sketch\Cronos2.3.ino.cpp version 1 with command 
[C:\Users\edumt\Documents\GitHub\Baja_Cronos\Cronos2.3]
C:\Users\edumt\AppData\Local\Arduino15\packages\arduino\tools\avr-gcc\7.3.0-atmel3.6.1-arduino7\bin\avr-g++.exe --target=avr --driver-mode=g++ -c -g -Os -w -std=gnu++11 -fpermissive -fno-exceptions -ffunction-sections -fdata-sections -fno-threadsafe-statics -Wno-error=narrowing -flto -mmcu=atmega328p -DF_CPU=16000000L -DARDUINO=10607 -DARDUINO_AVR_UNO -DARDUINO_ARCH_AVR -IC:\Users\edumt\AppData\Local\Arduino15\packages\arduino\hardware\avr\1.8.3\cores\arduino -IC:\Users\edumt\AppData\Local\Arduino15\packages\arduino\hardware\avr\1.8.3\variants\standard -IC:\Users\edumt\Documents\Arduino\libraries\DigitLedDisplay\src C:\Users\edumt\AppData\Local\Temp\arduino-language-server454419731\sketch\Cronos2.3.ino.cpp -o C:\Users\edumt\AppData\Local\Temp\arduino-language-server454419731\sketch\Cronos2.3.ino.cpp.o -isystem c:\users\edumt\appdata\local\arduino15\packages\arduino\tools\avr-gcc\7.3.0-atmel3.6.1-arduino7\bin\../lib/gcc/avr/7.3.0/include -isystem c:\users\edumt\appdata\local\arduino15\packages\arduino\tools\avr-gcc\7.3.0-atmel3.6.1-arduino7\bin\../lib/gcc/avr/7.3.0/include-fixed -isystem c:\users\edumt\appdata\local\arduino15\packages\arduino\tools\avr-gcc\7.3.0-atmel3.6.1-arduino7\bin\../lib/gcc/avr/7.3.0/../../../../avr/include -fsyntax-only -resource-dir=c:\Users\edumt\AppData\Local\Programs\Arduino IDE\resources\app\node_modules\arduino-ide-extension\build\lib\clang\12.0.0
V[14:07:46.416] Indexing C:\Users\edumt\AppData\Local\Arduino15\packages\arduino\hardware\avr\1.8.3\cores\arduino\Tone.cpp (digest:=1C31198B0754810E)
V[14:07:46.423] System include extraction: target extracted: "avr"
V[14:07:46.423] System include extraction: adding  c:\users\edumt\appdata\local\arduino15\packages\arduino\tools\avr-gcc\7.3.0-atmel3.6.1-arduino7\bin\../lib/gcc/avr/7.3.0/include
V[14:07:46.423] System include extraction: adding  c:\users\edumt\appdata\local\arduino15\packages\arduino\tools\avr-gcc\7.3.0-atmel3.6.1-arduino7\bin\../lib/gcc/avr/7.3.0/include-fixed
V[14:07:46.423] System include extraction: adding  c:\users\edumt\appdata\local\arduino15\packages\arduino\tools\avr-gcc\7.3.0-atmel3.6.1-arduino7\bin\../lib/gcc/avr/7.3.0/../../../../avr/include
I[14:07:46.423] System includes extractor: successfully executed C:\Users\edumt\AppData\Local\Arduino15\packages\arduino\tools\avr-gcc\7.3.0-atmel3.6.1-arduino7\bin\avr-g++.exe
	got includes: "c:\users\edumt\appdata\local\arduino15\packages\arduino\tools\avr-gcc\7.3.0-atmel3.6.1-arduino7\bin\../lib/gcc/avr/7.3.0/include, c:\users\edumt\appdata\local\arduino15\packages\arduino\tools\avr-gcc\7.3.0-atmel3.6.1-arduino7\bin\../lib/gcc/avr/7.3.0/include-fixed, c:\users\edumt\appdata\local\arduino15\packages\arduino\tools\avr-gcc\7.3.0-atmel3.6.1-arduino7\bin\../lib/gcc/avr/7.3.0/../../../../avr/include"
	got target: "avr"
V[14:07:46.426] Indexing C:\Users\edumt\Documents\Arduino\libraries\DigitLedDisplay\src\DigitLedDisplay.cpp (digest:=57E8EC4650A83FB3)
V[14:07:46.442] Driver produced command: cc1 -cc1 -triple avr -fsyntax-only -flto -flto-unit -disable-free -disable-llvm-verifier -discard-value-names -main-file-name Cronos2.3.ino.cpp -mrelocation-model static -mframe-pointer=all -fmath-errno -fno-rounding-math -mconstructor-aliases -target-cpu atmega328p -fno-split-dwarf-inlining -debug-info-kind=limited -dwarf-version=4 -debugger-tuning=gdb -ffunction-sections -fdata-sections -resource-dir c:\Users\edumt\AppData\Local\Programs\Arduino IDE\resources\app\node_modules\arduino-ide-extension\build\lib\clang\12.0.0 -isystem c:\users\edumt\appdata\local\arduino15\packages\arduino\tools\avr-gcc\7.3.0-atmel3.6.1-arduino7\bin\../lib/gcc/avr/7.3.0/include -isystem c:\users\edumt\appdata\local\arduino15\packages\arduino\tools\avr-gcc\7.3.0-atmel3.6.1-arduino7\bin\../lib/gcc/avr/7.3.0/include-fixed -isystem c:\users\edumt\appdata\local\arduino15\packages\arduino\tools\avr-gcc\7.3.0-atmel3.6.1-arduino7\bin\../lib/gcc/avr/7.3.0/../../../../avr/include -D F_CPU=16000000L -D ARDUINO=10607 -D ARDUINO_AVR_UNO -D ARDUINO_ARCH_AVR -I C:\Users\edumt\AppData\Local\Arduino15\packages\arduino\hardware\avr\1.8.3\cores\arduino -I C:\Users\edumt\AppData\Local\Arduino15\packages\arduino\hardware\avr\1.8.3\variants\standard -I C:\Users\edumt\Documents\Arduino\libraries\DigitLedDisplay\src -Os -Wno-error=narrowing -w -std=gnu++11 -fdeprecated-macro -fdebug-compilation-dir C:\Users\edumt\Documents\GitHub\Baja_Cronos\Cronos2.3 -ferror-limit 19 -fgnuc-version=4.2.1 -fno-threadsafe-statics -vectorize-loops -vectorize-slp -faddrsig -x c++ C:\Users\edumt\AppData\Local\Temp\arduino-language-server454419731\sketch\Cronos2.3.ino.cpp
V[14:07:46.443] Building first preamble for C:\Users\edumt\AppData\Local\Temp\arduino-language-server454419731\sketch\Cronos2.3.ino.cpp version 1
V[14:07:46.459] System include extraction: target extracted: "avr"
V[14:07:46.459] System include extraction: adding  c:\users\edumt\appdata\local\arduino15\packages\arduino\tools\avr-gcc\7.3.0-atmel3.6.1-arduino7\bin\../lib/gcc/avr/7.3.0/include
V[14:07:46.459] System include extraction: adding  c:\users\edumt\appdata\local\arduino15\packages\arduino\tools\avr-gcc\7.3.0-atmel3.6.1-arduino7\bin\../lib/gcc/avr/7.3.0/include-fixed
V[14:07:46.459] System include extraction: adding  c:\users\edumt\appdata\local\arduino15\packages\arduino\tools\avr-gcc\7.3.0-atmel3.6.1-arduino7\bin\../lib/gcc/avr/7.3.0/../../../../avr/include
I[14:07:46.459] System includes extractor: successfully executed C:\Users\edumt\AppData\Local\Arduino15\packages\arduino\tools\avr-gcc\7.3.0-atmel3.6.1-arduino7\bin\avr-g++.exe
	got includes: "c:\users\edumt\appdata\local\arduino15\packages\arduino\tools\avr-gcc\7.3.0-atmel3.6.1-arduino7\bin\../lib/gcc/avr/7.3.0/include, c:\users\edumt\appdata\local\arduino15\packages\arduino\tools\avr-gcc\7.3.0-atmel3.6.1-arduino7\bin\../lib/gcc/avr/7.3.0/include-fixed, c:\users\edumt\appdata\local\arduino15\packages\arduino\tools\avr-gcc\7.3.0-atmel3.6.1-arduino7\bin\../lib/gcc/avr/7.3.0/../../../../avr/include"
	got target: "avr"
V[14:07:46.462] Indexing C:\Users\edumt\AppData\Local\Arduino15\packages\arduino\hardware\avr\1.8.3\cores\arduino\WMath.cpp (digest:=38075D39C713EC91)
V[14:07:46.506] System include extraction: target extracted: "avr"
V[14:07:46.506] System include extraction: adding  c:\users\edumt\appdata\local\arduino15\packages\arduino\tools\avr-gcc\7.3.0-atmel3.6.1-arduino7\bin\../lib/gcc/avr/7.3.0/include
V[14:07:46.506] System include extraction: adding  c:\users\edumt\appdata\local\arduino15\packages\arduino\tools\avr-gcc\7.3.0-atmel3.6.1-arduino7\bin\../lib/gcc/avr/7.3.0/include-fixed
V[14:07:46.506] System include extraction: adding  c:\users\edumt\appdata\local\arduino15\packages\arduino\tools\avr-gcc\7.3.0-atmel3.6.1-arduino7\bin\../lib/gcc/avr/7.3.0/../../../../avr/include
I[14:07:46.506] System includes extractor: successfully executed C:\Users\edumt\AppData\Local\Arduino15\packages\arduino\tools\avr-gcc\7.3.0-atmel3.6.1-arduino7\bin\avr-gcc.exe
	got includes: "c:\users\edumt\appdata\local\arduino15\packages\arduino\tools\avr-gcc\7.3.0-atmel3.6.1-arduino7\bin\../lib/gcc/avr/7.3.0/include, c:\users\edumt\appdata\local\arduino15\packages\arduino\tools\avr-gcc\7.3.0-atmel3.6.1-arduino7\bin\../lib/gcc/avr/7.3.0/include-fixed, c:\users\edumt\appdata\local\arduino15\packages\arduino\tools\avr-gcc\7.3.0-atmel3.6.1-arduino7\bin\../lib/gcc/avr/7.3.0/../../../../avr/include"
	got target: "avr"
V[14:07:46.509] Indexing C:\Users\edumt\AppData\Local\Arduino15\packages\arduino\hardware\avr\1.8.3\cores\arduino\wiring.c (digest:=52A1501B116DC9D0)
I[14:07:46.526] Indexed C:\Users\edumt\AppData\Local\Arduino15\packages\arduino\hardware\avr\1.8.3\cores\arduino\WMath.cpp (58 symbols, 148 refs, 3 files)
V[14:07:46.584] indexed preamble AST for C:\Users\edumt\AppData\Local\Temp\arduino-language-server454419731\sketch\Cronos2.3.ino.cpp version 1:
  symbol slab: 2535 symbols, 727950 bytes
  ref slab: 0 symbols, 0 refs, 136 bytes
  relations slab: 9 relations, 177 bytes
V[14:07:46.633] Build dynamic index for header symbols with estimated memory usage of 2170114 bytes
V[14:07:46.639] Built preamble of size 437296 for file C:\Users\edumt\AppData\Local\Temp\arduino-language-server454419731\sketch\Cronos2.3.ino.cpp version 1
I[14:07:46.642] Indexed C:\Users\edumt\AppData\Local\Arduino15\packages\arduino\hardware\avr\1.8.3\cores\arduino\Tone.cpp (643 symbols, 3588 refs, 35 files)
I[14:07:46.645] Indexed C:\Users\edumt\Documents\Arduino\libraries\DigitLedDisplay\src\DigitLedDisplay.cpp (644 symbols, 3495 refs, 36 files)
V[14:07:46.717] indexed file AST for C:\Users\edumt\AppData\Local\Temp\arduino-language-server454419731\sketch\Cronos2.3.ino.cpp version 1:
  symbol slab: 24 symbols, 9792 bytes
  ref slab: 39 symbols, 167 refs, 9336 bytes
  relations slab: 0 relations, 24 bytes
V[14:07:46.717] Build dynamic index for main-file symbols with estimated memory usage of 32600 bytes
I[14:07:46.717] --> textDocument/publishDiagnostics
V[14:07:46.717] >>> {"jsonrpc":"2.0","method":"textDocument/publishDiagnostics","params":{"diagnostics":[],"uri":"file:///C:/Users/edumt/AppData/Local/Temp/arduino-language-server454419731/sketch/Cronos2.3.ino.cpp","version":1}}

V[14:07:46.718] ASTWorker running DocumentSymbols on version 1 of C:\Users\edumt\AppData\Local\Temp\arduino-language-server454419731\sketch\Cronos2.3.ino.cpp
I[14:07:46.723] --> reply:textDocument/documentSymbol(1) 441 ms
V[14:07:46.724] >>> {"id":1,"jsonrpc":"2.0","result":[{"kind":13,"name":"crono","range":{"end":{"character":59,"line":8},"start":{"character":0,"line":8}},"selectionRange":{"end":{"character":21,"line":8},"start":{"character":16,"line":8}}},{"kind":13,"name":"freio","range":{"end":{"character":59,"line":9},"start":{"character":0,"line":9}},"selectionRange":{"end":{"character":21,"line":9},"start":{"character":16,"line":9}}},{"kind":13,"name":"Tempo","range":{"end":{"character":19,"line":12},"start":{"character":0,"line":12}},"selectionRange":{"end":{"character":19,"line":12},"start":{"character":14,"line":12}}},{"kind":13,"name":"SegA","range":{"end":{"character":22,"line":13},"start":{"character":0,"line":13}},"selectionRange":{"end":{"character":18,"line":13},"start":{"character":14,"line":13}}},{"kind":13,"name":"min","range":{"end":{"character":14,"line":15},"start":{"character":0,"line":15}},"selectionRange":{"end":{"character":14,"line":15},"start":{"character":11,"line":15}}},{"kind":13,"name":"seg","range":{"end":{"character":19,"line":15},"start":{"character":0,"line":15}},"selectionRange":{"end":{"character":19,"line":15},"start":{"character":16,"line":15}}},{"kind":13,"name":"hora","range":{"end":{"character":29,"line":15},"start":{"character":0,"line":15}},"selectionRange":{"end":{"character":25,"line":15},"start":{"character":21,"line":15}}},{"kind":13,"name":"flagBot","range":{"end":{"character":16,"line":20},"start":{"character":0,"line":20}},"selectionRange":{"end":{"character":12,"line":20},"start":{"character":5,"line":20}}},{"kind":13,"name":"flagBotTemp","range":{"end":{"character":20,"line":21},"start":{"character":0,"line":21}},"selectionRange":{"end":{"character":16,"line":21},"start":{"character":5,"line":21}}},{"kind":13,"name":"TempBot","range":{"end":{"character":25,"line":22},"start":{"character":0,"line":22}},"selectionRange":{"end":{"character":21,"line":22},"start":{"character":14,"line":22}}},{"kind":13,"name":"botDesligado","range":{"end":{"character":21,"line":23},"start":{"character":0,"line":23}},"selectionRange":{"end":{"character":17,"line":23},"start":{"character":5,"line":23}}},{"kind":12,"name":"setup","range":{"end":{"character":12,"line":33},"start":{"character":0,"line":33}},"selectionRange":{"end":{"character":10,"line":33},"start":{"character":5,"line":33}}},{"kind":12,"name":"loop","range":{"end":{"character":11,"line":35},"start":{"character":0,"line":35}},"selectionRange":{"end":{"character":9,"line":35},"start":{"character":5,"line":35}}},{"kind":12,"name":"buttonRead","range":{"end":{"character":17,"line":37},"start":{"character":0,"line":37}},"selectionRange":{"end":{"character":15,"line":37},"start":{"character":5,"line":37}}},{"kind":12,"name":"cronos","range":{"end":{"character":13,"line":39},"start":{"character":0,"line":39}},"selectionRange":{"end":{"character":11,"line":39},"start":{"character":5,"line":39}}},{"kind":12,"name":"desliga","range":{"end":{"character":14,"line":41},"start":{"character":0,"line":41}},"selectionRange":{"end":{"character":12,"line":41},"start":{"character":5,"line":41}}},{"kind":12,"name":"reinicia","range":{"end":{"character":15,"line":43},"start":{"character":0,"line":43}},"selectionRange":{"end":{"character":13,"line":43},"start":{"character":5,"line":43}}},{"kind":12,"name":"setup","range":{"end":{"character":1,"line":65},"start":{"character":0,"line":45}},"selectionRange":{"end":{"character":10,"line":45},"start":{"character":5,"line":45}}},{"kind":12,"name":"loop","range":{"end":{"character":1,"line":74},"start":{"character":0,"line":67}},"selectionRange":{"end":{"character":9,"line":67},"start":{"character":5,"line":67}}},{"kind":12,"name":"buttonRead","range":{"end":{"character":1,"line":96},"start":{"character":0,"line":77}},"selectionRange":{"end":{"character":15,"line":77},"start":{"character":5,"line":77}}},{"kind":12,"name":"cronos","range":{"end":{"character":1,"line":133},"start":{"character":0,"line":106}},"selectionRange":{"end":{"character":11,"line":106},"start":{"character":5,"line":106}}},{"kind":12,"name":"desliga","range":{"end":{"character":1,"line":154},"start":{"character":0,"line":146}},"selectionRange":{"end":{"character":12,"line":146},"start":{"character":5,"line":146}}},{"kind":12,"name":"reinicia","range":{"end":{"character":1,"line":181},"start":{"character":0,"line":162}},"selectionRange":{"end":{"character":13,"line":162},"start":{"character":5,"line":162}}}]}

V[14:07:46.724] ASTWorker running EnumerateTweaks on version 1 of C:\Users\edumt\AppData\Local\Temp\arduino-language-server454419731\sketch\Cronos2.3.ino.cpp
I[14:07:46.724] --> reply:textDocument/codeAction(2) 419 ms
V[14:07:46.724] >>> {"id":2,"jsonrpc":"2.0","result":[]}

V[14:07:46.737] <<< {"id":3,"jsonrpc":"2.0","method":"textDocument/codeAction","params":{"context":{"diagnostics":[]},"range":{"end":{"character":0,"line":77},"start":{"character":0,"line":77}},"textDocument":{"uri":"file:///C:/Users/edumt/AppData/Local/Temp/arduino-language-server454419731/sketch/Cronos2.3.ino.cpp"}}}

I[14:07:46.737] <-- textDocument/codeAction(3)
V[14:07:46.737] ASTWorker running EnumerateTweaks on version 1 of C:\Users\edumt\AppData\Local\Temp\arduino-language-server454419731\sketch\Cronos2.3.ino.cpp
I[14:07:46.738] --> reply:textDocument/codeAction(3) 0 ms
V[14:07:46.738] >>> {"id":3,"jsonrpc":"2.0","result":[]}

V[14:07:46.748] <<< {"id":4,"jsonrpc":"2.0","method":"textDocument/codeAction","params":{"context":{"diagnostics":[]},"range":{"end":{"character":0,"line":106},"start":{"character":0,"line":106}},"textDocument":{"uri":"file:///C:/Users/edumt/AppData/Local/Temp/arduino-language-server454419731/sketch/Cronos2.3.ino.cpp"}}}

I[14:07:46.749] <-- textDocument/codeAction(4)
V[14:07:46.749] ASTWorker running EnumerateTweaks on version 1 of C:\Users\edumt\AppData\Local\Temp\arduino-language-server454419731\sketch\Cronos2.3.ino.cpp
I[14:07:46.749] --> reply:textDocument/codeAction(4) 0 ms
V[14:07:46.749] >>> {"id":4,"jsonrpc":"2.0","result":[]}

V[14:07:46.761] <<< {"id":5,"jsonrpc":"2.0","method":"textDocument/codeAction","params":{"context":{"diagnostics":[]},"range":{"end":{"character":0,"line":146},"start":{"character":0,"line":146}},"textDocument":{"uri":"file:///C:/Users/edumt/AppData/Local/Temp/arduino-language-server454419731/sketch/Cronos2.3.ino.cpp"}}}

I[14:07:46.761] <-- textDocument/codeAction(5)
V[14:07:46.761] ASTWorker running EnumerateTweaks on version 1 of C:\Users\edumt\AppData\Local\Temp\arduino-language-server454419731\sketch\Cronos2.3.ino.cpp
I[14:07:46.762] --> reply:textDocument/codeAction(5) 0 ms
V[14:07:46.762] >>> {"id":5,"jsonrpc":"2.0","result":[]}

V[14:07:46.777] <<< {"id":6,"jsonrpc":"2.0","method":"textDocument/codeAction","params":{"context":{"diagnostics":[]},"range":{"end":{"character":0,"line":162},"start":{"character":0,"line":162}},"textDocument":{"uri":"file:///C:/Users/edumt/AppData/Local/Temp/arduino-language-server454419731/sketch/Cronos2.3.ino.cpp"}}}

I[14:07:46.777] <-- textDocument/codeAction(6)
V[14:07:46.777] ASTWorker running EnumerateTweaks on version 1 of C:\Users\edumt\AppData\Local\Temp\arduino-language-server454419731\sketch\Cronos2.3.ino.cpp
I[14:07:46.777] --> reply:textDocument/codeAction(6) 0 ms
V[14:07:46.777] >>> {"id":6,"jsonrpc":"2.0","result":[]}

V[14:07:46.791] <<< {"id":7,"jsonrpc":"2.0","method":"textDocument/hover","params":{"position":{"character":14,"line":12},"textDocument":{"uri":"file:///C:/Users/edumt/AppData/Local/Temp/arduino-language-server454419731/sketch/Cronos2.3.ino.cpp"}}}

I[14:07:46.791] <-- textDocument/hover(7)
V[14:07:46.791] ASTWorker running Hover on version 1 of C:\Users\edumt\AppData\Local\Temp\arduino-language-server454419731\sketch\Cronos2.3.ino.cpp
I[14:07:46.795] --> reply:textDocument/hover(7) 3 ms
V[14:07:46.795] >>> {"id":7,"jsonrpc":"2.0","result":{"contents":{"kind":"markdown","value":"### variable `Tempo`  \n\n---\nType: `unsigned long`  \nVariavel de marcacao de tempo  \n\n---\n```cpp\nunsigned long Tempo\n```"},"range":{"end":{"character":19,"line":12},"start":{"character":14,"line":12}}}}

V[14:07:46.798] <<< {"jsonrpc":"2.0","method":"$/cancelRequest","params":{"id":6}}

I[14:07:46.798] <-- $/cancelRequest
I[14:07:46.848] Indexed C:\Users\edumt\AppData\Local\Arduino15\packages\arduino\hardware\avr\1.8.3\cores\arduino\wiring.c (338 symbols, 2716 refs, 25 files)
I[14:07:46.964] --> $/progress
V[14:07:46.964] >>> {"jsonrpc":"2.0","method":"$/progress","params":{"token":"backgroundIndexProgress","value":{"kind":"report","message":"2/28","percentage":7.1428571428571432}}}

I[14:07:46.964] --> $/progress
V[14:07:46.964] >>> {"jsonrpc":"2.0","method":"$/progress","params":{"token":"backgroundIndexProgress","value":{"kind":"report","message":"2/28","percentage":7.1428571428571432}}}

V[14:07:46.967] Indexing C:\Users\edumt\AppData\Local\Arduino15\packages\arduino\hardware\avr\1.8.3\cores\arduino\HardwareSerial.cpp (digest:=97D3E01135B7BA37)
I[14:07:47.214] Indexed C:\Users\edumt\AppData\Local\Arduino15\packages\arduino\hardware\avr\1.8.3\cores\arduino\HardwareSerial.cpp (509 symbols, 3456 refs, 38 files)
I[14:07:47.930] --> $/progress
V[14:07:47.930] >>> {"jsonrpc":"2.0","method":"$/progress","params":{"token":"backgroundIndexProgress","value":{"kind":"report","message":"3/28","percentage":10.714285714285714}}}

I[14:07:47.930] --> $/progress
V[14:07:47.930] >>> {"jsonrpc":"2.0","method":"$/progress","params":{"token":"backgroundIndexProgress","value":{"kind":"report","message":"3/28","percentage":10.714285714285714}}}

V[14:07:47.931] Indexing C:\Users\edumt\AppData\Local\Arduino15\packages\arduino\hardware\avr\1.8.3\cores\arduino\hooks.c (digest:=C16B0ED8B1C5BB9F)
I[14:07:47.972] Indexed C:\Users\edumt\AppData\Local\Arduino15\packages\arduino\hardware\avr\1.8.3\cores\arduino\hooks.c (2 symbols, 2 refs, 1 files)
I[14:07:48.058] --> $/progress
V[14:07:48.058] >>> {"jsonrpc":"2.0","method":"$/progress","params":{"token":"backgroundIndexProgress","value":{"kind":"report","message":"4/28","percentage":14.285714285714286}}}

I[14:07:48.058] --> $/progress
V[14:07:48.058] >>> {"jsonrpc":"2.0","method":"$/progress","params":{"token":"backgroundIndexProgress","value":{"kind":"report","message":"4/28","percentage":14.285714285714286}}}

V[14:07:48.060] Indexing C:\Users\edumt\AppData\Local\Arduino15\packages\arduino\hardware\avr\1.8.3\cores\arduino\Print.cpp (digest:=81BB1157C290C33B)
I[14:07:48.196] Indexed C:\Users\edumt\AppData\Local\Arduino15\packages\arduino\hardware\avr\1.8.3\cores\arduino\Print.cpp (31 symbols, 2288 refs, 35 files)
V[14:07:48.440] BackgroundIndex: building version 1 after indexing enough files
I[14:07:48.441] --> $/progress
V[14:07:48.441] >>> {"jsonrpc":"2.0","method":"$/progress","params":{"token":"backgroundIndexProgress","value":{"kind":"report","message":"5/28","percentage":17.857142857142858}}}

I[14:07:48.441] --> $/progress
V[14:07:48.442] >>> {"jsonrpc":"2.0","method":"$/progress","params":{"token":"backgroundIndexProgress","value":{"kind":"report","message":"5/28","percentage":17.857142857142858}}}

V[14:07:48.443] Indexing C:\Users\edumt\AppData\Local\Arduino15\packages\arduino\hardware\avr\1.8.3\cores\arduino\PluggableUSB.cpp (digest:=FDB5BCAAB3E73FCE)
V[14:07:48.460] BackgroundIndex: serving version 1 (1511950 bytes)
I[14:07:48.461] --> $/progress
V[14:07:48.461] >>> {"jsonrpc":"2.0","method":"$/progress","params":{"token":"backgroundIndexProgress","value":{"kind":"report","message":"6/28","percentage":21.428571428571427}}}

I[14:07:48.461] --> $/progress
V[14:07:48.461] >>> {"jsonrpc":"2.0","method":"$/progress","params":{"token":"backgroundIndexProgress","value":{"kind":"report","message":"6/28","percentage":21.428571428571427}}}

V[14:07:48.463] Indexing C:\Users\edumt\AppData\Local\Arduino15\packages\arduino\hardware\avr\1.8.3\cores\arduino\new.cpp (digest:=35A6A5C91C7819B9)
I[14:07:48.490] --> $/progress
V[14:07:48.490] >>> {"jsonrpc":"2.0","method":"$/progress","params":{"token":"backgroundIndexProgress","value":{"kind":"report","message":"7/28","percentage":25}}}

I[14:07:48.490] --> $/progress
V[14:07:48.490] >>> {"jsonrpc":"2.0","method":"$/progress","params":{"token":"backgroundIndexProgress","value":{"kind":"report","message":"7/28","percentage":25}}}

V[14:07:48.492] Indexing C:\Users\edumt\AppData\Local\Arduino15\packages\arduino\hardware\avr\1.8.3\cores\arduino\WInterrupts.c (digest:=0A36B38756A4F148)
I[14:07:48.539] Indexed C:\Users\edumt\AppData\Local\Arduino15\packages\arduino\hardware\avr\1.8.3\cores\arduino\new.cpp (5 symbols, 79 refs, 3 files)
I[14:07:48.545] --> $/progress
V[14:07:48.545] >>> {"jsonrpc":"2.0","method":"$/progress","params":{"token":"backgroundIndexProgress","value":{"kind":"report","message":"8/28","percentage":28.571428571428573}}}

I[14:07:48.545] --> $/progress
V[14:07:48.545] >>> {"jsonrpc":"2.0","method":"$/progress","params":{"token":"backgroundIndexProgress","value":{"kind":"report","message":"8/28","percentage":28.571428571428573}}}

I[14:07:48.608] Indexed C:\Users\edumt\AppData\Local\Arduino15\packages\arduino\hardware\avr\1.8.3\cores\arduino\WInterrupts.c (6 symbols, 2072 refs, 25 files)
V[14:07:48.623] System include extraction: target extracted: "avr"
V[14:07:48.623] System include extraction: adding  c:\users\edumt\appdata\local\arduino15\packages\arduino\tools\avr-gcc\7.3.0-atmel3.6.1-arduino7\bin\../lib/gcc/avr/7.3.0/include
V[14:07:48.623] System include extraction: adding  c:\users\edumt\appdata\local\arduino15\packages\arduino\tools\avr-gcc\7.3.0-atmel3.6.1-arduino7\bin\../lib/gcc/avr/7.3.0/include-fixed
V[14:07:48.623] System include extraction: adding  c:\users\edumt\appdata\local\arduino15\packages\arduino\tools\avr-gcc\7.3.0-atmel3.6.1-arduino7\bin\../lib/gcc/avr/7.3.0/../../../../avr/include
I[14:07:48.623] System includes extractor: successfully executed C:\Users\edumt\AppData\Local\Arduino15\packages\arduino\tools\avr-gcc\7.3.0-atmel3.6.1-arduino7\bin\avr-gcc.exe
	got includes: "c:\users\edumt\appdata\local\arduino15\packages\arduino\tools\avr-gcc\7.3.0-atmel3.6.1-arduino7\bin\../lib/gcc/avr/7.3.0/include, c:\users\edumt\appdata\local\arduino15\packages\arduino\tools\avr-gcc\7.3.0-atmel3.6.1-arduino7\bin\../lib/gcc/avr/7.3.0/include-fixed, c:\users\edumt\appdata\local\arduino15\packages\arduino\tools\avr-gcc\7.3.0-atmel3.6.1-arduino7\bin\../lib/gcc/avr/7.3.0/../../../../avr/include"
	got target: "avr"
V[14:07:48.624] Indexing C:\Users\edumt\AppData\Local\Arduino15\packages\arduino\hardware\avr\1.8.3\cores\arduino\wiring_pulse.S (digest:=87583F1C920AA889)
I[14:07:48.629] Indexed C:\Users\edumt\AppData\Local\Arduino15\packages\arduino\hardware\avr\1.8.3\cores\arduino\PluggableUSB.cpp (0 symbols, 2117 refs, 36 files)
I[14:07:48.632] --> $/progress
V[14:07:48.632] >>> {"jsonrpc":"2.0","method":"$/progress","params":{"token":"backgroundIndexProgress","value":{"kind":"report","message":"9/28","percentage":32.142857142857146}}}

I[14:07:48.632] --> $/progress
V[14:07:48.632] >>> {"jsonrpc":"2.0","method":"$/progress","params":{"token":"backgroundIndexProgress","value":{"kind":"report","message":"9/28","percentage":32.142857142857146}}}

V[14:07:48.634] Indexing C:\Users\edumt\AppData\Local\Arduino15\packages\arduino\hardware\avr\1.8.3\cores\arduino\HardwareSerial2.cpp (digest:=3DD4F70FCF8C4FA6)
I[14:07:48.647] --> $/progress
V[14:07:48.647] >>> {"jsonrpc":"2.0","method":"$/progress","params":{"token":"backgroundIndexProgress","value":{"kind":"report","message":"10/28","percentage":35.714285714285715}}}

I[14:07:48.647] --> $/progress
V[14:07:48.647] >>> {"jsonrpc":"2.0","method":"$/progress","params":{"token":"backgroundIndexProgress","value":{"kind":"report","message":"10/28","percentage":35.714285714285715}}}

V[14:07:48.649] Indexing C:\Users\edumt\AppData\Local\Arduino15\packages\arduino\hardware\avr\1.8.3\cores\arduino\wiring_digital.c (digest:=7625D2811AFF3AA4)
V[14:07:48.681] Ignored diagnostic. C:\Users\edumt\AppData\Local\Arduino15\packages\arduino\hardware\avr\1.8.3\cores\arduino\wiring_pulse.S:54:1:expected identifier or '('
V[14:07:48.681] Ignored diagnostic. C:\Users\edumt\AppData\Local\Arduino15\packages\arduino\hardware\avr\1.8.3\cores\arduino\wiring_pulse.S:62:23:expected identifier or '('
V[14:07:48.681] Ignored diagnostic. C:\Users\edumt\AppData\Local\Arduino15\packages\arduino\hardware\avr\1.8.3\cores\arduino\wiring_pulse.S:63:23:expected identifier or '('
V[14:07:48.681] Ignored diagnostic. C:\Users\edumt\AppData\Local\Arduino15\packages\arduino\hardware\avr\1.8.3\cores\arduino\wiring_pulse.S:64:23:expected identifier or '('
V[14:07:48.681] Ignored diagnostic. C:\Users\edumt\AppData\Local\Arduino15\packages\arduino\hardware\avr\1.8.3\cores\arduino\wiring_pulse.S:65:23:expected identifier or '('
V[14:07:48.681] Ignored diagnostic. C:\Users\edumt\AppData\Local\Arduino15\packages\arduino\hardware\avr\1.8.3\cores\arduino\wiring_pulse.S:66:23:expected identifier or '('
V[14:07:48.681] Ignored diagnostic. C:\Users\edumt\AppData\Local\Arduino15\packages\arduino\hardware\avr\1.8.3\cores\arduino\wiring_pulse.S:67:23:expected identifier or '('
V[14:07:48.684] Ignored diagnostic. C:\Users\edumt\AppData\Local\Arduino15\packages\arduino\hardware\avr\1.8.3\cores\arduino\wiring_pulse.S:72:37:expected identifier or '('
V[14:07:48.686] Ignored diagnostic. C:\Users\edumt\AppData\Local\Arduino15\packages\arduino\hardware\avr\1.8.3\cores\arduino\wiring_pulse.S:73:31:expected ';' after top level declarator
V[14:07:48.686] Ignored diagnostic. C:\Users\edumt\AppData\Local\Arduino15\packages\arduino\hardware\avr\1.8.3\cores\arduino\wiring_pulse.S:79:23:expected identifier or '('
V[14:07:48.686] Ignored diagnostic. C:\Users\edumt\AppData\Local\Arduino15\packages\arduino\hardware\avr\1.8.3\cores\arduino\wiring_pulse.S:83:32:expected identifier or '('
V[14:07:48.686] Ignored diagnostic. C:\Users\edumt\AppData\Local\Arduino15\packages\arduino\hardware\avr\1.8.3\cores\arduino\wiring_pulse.S:83:35:expected identifier or '('
V[14:07:48.686] Ignored diagnostic. C:\Users\edumt\AppData\Local\Arduino15\packages\arduino\hardware\avr\1.8.3\cores\arduino\wiring_pulse.S:84:22:unknown type name 'maxloops'
V[14:07:48.686] Ignored diagnostic. C:\Users\edumt\AppData\Local\Arduino15\packages\arduino\hardware\avr\1.8.3\cores\arduino\wiring_pulse.S:85:8:expected ';' after top level declarator
V[14:07:48.687] Ignored diagnostic. C:\Users\edumt\AppData\Local\Arduino15\packages\arduino\hardware\avr\1.8.3\cores\arduino\wiring_pulse.S:85:22:unknown type name 'maxloops'
V[14:07:48.687] Ignored diagnostic. C:\Users\edumt\AppData\Local\Arduino15\packages\arduino\hardware\avr\1.8.3\cores\arduino\wiring_pulse.S:86:8:expected ';' after top level declarator
V[14:07:48.687] Ignored diagnostic. C:\Users\edumt\AppData\Local\Arduino15\packages\arduino\hardware\avr\1.8.3\cores\arduino\wiring_pulse.S:86:22:unknown type name 'maxloops'
V[14:07:48.687] Ignored diagnostic. C:\Users\edumt\AppData\Local\Arduino15\packages\arduino\hardware\avr\1.8.3\cores\arduino\wiring_pulse.S:87:9:expected ';' after top level declarator
V[14:07:48.687] Ignored diagnostic. C:\Users\edumt\AppData\Local\Arduino15\packages\arduino\hardware\avr\1.8.3\cores\arduino\wiring_pulse.S:87:18:expected identifier or '('
V[14:07:48.687] Ignored diagnostic. too many errors emitted, stopping now
I[14:07:48.691] --> $/progress
V[14:07:48.691] >>> {"jsonrpc":"2.0","method":"$/progress","params":{"token":"backgroundIndexProgress","value":{"kind":"report","message":"11/28","percentage":39.285714285714285}}}

I[14:07:48.691] --> $/progress
V[14:07:48.691] >>> {"jsonrpc":"2.0","method":"$/progress","params":{"token":"backgroundIndexProgress","value":{"kind":"report","message":"11/28","percentage":39.285714285714285}}}

V[14:07:48.693] Indexing C:\Users\edumt\AppData\Local\Arduino15\packages\arduino\hardware\avr\1.8.3\cores\arduino\WString.cpp (digest:=293923F15565174B)
I[14:07:48.693] Indexed C:\Users\edumt\AppData\Local\Arduino15\packages\arduino\hardware\avr\1.8.3\cores\arduino\wiring_pulse.S (12 symbols, 884 refs, 9 files)
I[14:07:48.693] Failed to compile C:\Users\edumt\AppData\Local\Arduino15\packages\arduino\hardware\avr\1.8.3\cores\arduino\wiring_pulse.S, index may be incomplete
I[14:07:48.702] --> $/progress
V[14:07:48.702] >>> {"jsonrpc":"2.0","method":"$/progress","params":{"token":"backgroundIndexProgress","value":{"kind":"report","message":"12/28","percentage":42.857142857142854}}}

I[14:07:48.702] --> $/progress
V[14:07:48.702] >>> {"jsonrpc":"2.0","method":"$/progress","params":{"token":"backgroundIndexProgress","value":{"kind":"report","message":"12/28","percentage":42.857142857142854}}}

V[14:07:48.706] Indexing C:\Users\edumt\AppData\Local\Arduino15\packages\arduino\hardware\avr\1.8.3\cores\arduino\wiring_analog.c (digest:=F33A0C153DB2866D)
I[14:07:48.759] Indexed C:\Users\edumt\AppData\Local\Arduino15\packages\arduino\hardware\avr\1.8.3\cores\arduino\wiring_digital.c (4 symbols, 2251 refs, 25 files)
I[14:07:48.762] Indexed C:\Users\edumt\AppData\Local\Arduino15\packages\arduino\hardware\avr\1.8.3\cores\arduino\HardwareSerial2.cpp (0 symbols, 2151 refs, 37 files)
I[14:07:48.805] --> $/progress
V[14:07:48.805] >>> {"jsonrpc":"2.0","method":"$/progress","params":{"token":"backgroundIndexProgress","value":{"kind":"report","message":"13/28","percentage":46.428571428571431}}}

I[14:07:48.805] --> $/progress
V[14:07:48.805] >>> {"jsonrpc":"2.0","method":"$/progress","params":{"token":"backgroundIndexProgress","value":{"kind":"report","message":"13/28","percentage":46.428571428571431}}}

I[14:07:48.806] --> $/progress
V[14:07:48.806] >>> {"jsonrpc":"2.0","method":"$/progress","params":{"token":"backgroundIndexProgress","value":{"kind":"report","message":"14/28","percentage":50}}}

I[14:07:48.806] --> $/progress
V[14:07:48.806] >>> {"jsonrpc":"2.0","method":"$/progress","params":{"token":"backgroundIndexProgress","value":{"kind":"report","message":"14/28","percentage":50}}}

V[14:07:48.807] Indexing C:\Users\edumt\AppData\Local\Arduino15\packages\arduino\hardware\avr\1.8.3\cores\arduino\HardwareSerial1.cpp (digest:=487C94A1A1F49B6C)
V[14:07:48.807] Indexing C:\Users\edumt\AppData\Local\Arduino15\packages\arduino\hardware\avr\1.8.3\cores\arduino\CDC.cpp (digest:=5027209D9BDC4C10)
I[14:07:48.808] Indexed C:\Users\edumt\AppData\Local\Arduino15\packages\arduino\hardware\avr\1.8.3\cores\arduino\wiring_analog.c (4 symbols, 2111 refs, 25 files)
I[14:07:48.822] --> $/progress
V[14:07:48.822] >>> {"jsonrpc":"2.0","method":"$/progress","params":{"token":"backgroundIndexProgress","value":{"kind":"report","message":"15/28","percentage":53.571428571428569}}}

I[14:07:48.822] --> $/progress
V[14:07:48.822] >>> {"jsonrpc":"2.0","method":"$/progress","params":{"token":"backgroundIndexProgress","value":{"kind":"report","message":"15/28","percentage":53.571428571428569}}}

V[14:07:48.823] Indexing C:\Users\edumt\AppData\Local\Arduino15\packages\arduino\hardware\avr\1.8.3\cores\arduino\HardwareSerial0.cpp (digest:=365287FBD658A80E)
I[14:07:48.839] Indexed C:\Users\edumt\AppData\Local\Arduino15\packages\arduino\hardware\avr\1.8.3\cores\arduino\WString.cpp (84 symbols, 1853 refs, 18 files)
I[14:07:48.855] --> $/progress
V[14:07:48.855] >>> {"jsonrpc":"2.0","method":"$/progress","params":{"token":"backgroundIndexProgress","value":{"kind":"report","message":"16/28","percentage":57.142857142857146}}}

I[14:07:48.855] --> $/progress
V[14:07:48.855] >>> {"jsonrpc":"2.0","method":"$/progress","params":{"token":"backgroundIndexProgress","value":{"kind":"report","message":"16/28","percentage":57.142857142857146}}}

V[14:07:48.859] Indexing C:\Users\edumt\AppData\Local\Arduino15\packages\arduino\hardware\avr\1.8.3\cores\arduino\IPAddress.cpp (digest:=6DDB6ED4F4E34E63)
I[14:07:48.931] Indexed C:\Users\edumt\AppData\Local\Arduino15\packages\arduino\hardware\avr\1.8.3\cores\arduino\HardwareSerial1.cpp (0 symbols, 2151 refs, 37 files)
V[14:07:48.939] Ignored diagnostic. c:\users\edumt\appdata\local\arduino15\packages\arduino\tools\avr-gcc\7.3.0-atmel3.6.1-arduino7\bin\../lib/gcc/avr/7.3.0/../../../../avr/include\avr/wdt.h:464:12:value '64' out of range for constraint 'I'
V[14:07:48.943] Ignored diagnostic. c:\users\edumt\appdata\local\arduino15\packages\arduino\tools\avr-gcc\7.3.0-atmel3.6.1-arduino7\bin\../lib/gcc/avr/7.3.0/../../../../avr/include\avr/wdt.h:507:23:value '64' out of range for constraint 'I'
I[14:07:48.943] Indexed C:\Users\edumt\AppData\Local\Arduino15\packages\arduino\hardware\avr\1.8.3\cores\arduino\HardwareSerial0.cpp (4 symbols, 2181 refs, 37 files)
I[14:07:48.946] --> $/progress
V[14:07:48.946] >>> {"jsonrpc":"2.0","method":"$/progress","params":{"token":"backgroundIndexProgress","value":{"kind":"report","message":"17/28","percentage":60.714285714285715}}}

I[14:07:48.946] --> $/progress
V[14:07:48.946] >>> {"jsonrpc":"2.0","method":"$/progress","params":{"token":"backgroundIndexProgress","value":{"kind":"report","message":"17/28","percentage":60.714285714285715}}}

V[14:07:48.947] Indexing C:\Users\edumt\AppData\Local\Arduino15\packages\arduino\hardware\avr\1.8.3\cores\arduino\main.cpp (digest:=313C4893EB7ADBE6)
I[14:07:48.953] Indexed C:\Users\edumt\AppData\Local\Arduino15\packages\arduino\hardware\avr\1.8.3\cores\arduino\CDC.cpp (2 symbols, 2193 refs, 37 files)
I[14:07:48.953] Failed to compile C:\Users\edumt\AppData\Local\Arduino15\packages\arduino\hardware\avr\1.8.3\cores\arduino\CDC.cpp, index may be incomplete
I[14:07:48.959] --> $/progress
V[14:07:48.959] >>> {"jsonrpc":"2.0","method":"$/progress","params":{"token":"backgroundIndexProgress","value":{"kind":"report","message":"18/28","percentage":64.285714285714292}}}

I[14:07:48.959] --> $/progress
V[14:07:48.959] >>> {"jsonrpc":"2.0","method":"$/progress","params":{"token":"backgroundIndexProgress","value":{"kind":"report","message":"18/28","percentage":64.285714285714292}}}

V[14:07:48.962] Indexing C:\Users\edumt\AppData\Local\Arduino15\packages\arduino\hardware\avr\1.8.3\cores\arduino\HardwareSerial3.cpp (digest:=D7FFC6931C21680C)
I[14:07:48.975] --> $/progress
V[14:07:48.975] >>> {"jsonrpc":"2.0","method":"$/progress","params":{"token":"backgroundIndexProgress","value":{"kind":"report","message":"19/28","percentage":67.857142857142861}}}

I[14:07:48.975] --> $/progress
V[14:07:48.975] >>> {"jsonrpc":"2.0","method":"$/progress","params":{"token":"backgroundIndexProgress","value":{"kind":"report","message":"19/28","percentage":67.857142857142861}}}

V[14:07:48.976] Indexing C:\Users\edumt\AppData\Local\Arduino15\packages\arduino\hardware\avr\1.8.3\cores\arduino\wiring_shift.c (digest:=5E8D23E876F6F446)
I[14:07:49.011] Indexed C:\Users\edumt\AppData\Local\Arduino15\packages\arduino\hardware\avr\1.8.3\cores\arduino\IPAddress.cpp (20 symbols, 2259 refs, 36 files)
I[14:07:49.030] --> $/progress
V[14:07:49.030] >>> {"jsonrpc":"2.0","method":"$/progress","params":{"token":"backgroundIndexProgress","value":{"kind":"report","message":"20/28","percentage":71.428571428571431}}}

I[14:07:49.030] --> $/progress
V[14:07:49.030] >>> {"jsonrpc":"2.0","method":"$/progress","params":{"token":"backgroundIndexProgress","value":{"kind":"report","message":"20/28","percentage":71.428571428571431}}}

V[14:07:49.039] Indexing C:\Users\edumt\AppData\Local\Arduino15\packages\arduino\hardware\avr\1.8.3\cores\arduino\wiring_pulse.c (digest:=B0774BE9D28D49CB)
I[14:07:49.071] Indexed C:\Users\edumt\AppData\Local\Arduino15\packages\arduino\hardware\avr\1.8.3\cores\arduino\wiring_shift.c (2 symbols, 2039 refs, 25 files)
I[14:07:49.077] --> $/progress
V[14:07:49.077] >>> {"jsonrpc":"2.0","method":"$/progress","params":{"token":"backgroundIndexProgress","value":{"kind":"report","message":"21/28","percentage":75}}}

I[14:07:49.077] --> $/progress
V[14:07:49.077] >>> {"jsonrpc":"2.0","method":"$/progress","params":{"token":"backgroundIndexProgress","value":{"kind":"report","message":"21/28","percentage":75}}}

V[14:07:49.083] Indexing C:\Users\edumt\AppData\Local\Arduino15\packages\arduino\hardware\avr\1.8.3\cores\arduino\Stream.cpp (digest:=F7D59D2B49112307)
I[14:07:49.087] Indexed C:\Users\edumt\AppData\Local\Arduino15\packages\arduino\hardware\avr\1.8.3\cores\arduino\main.cpp (4 symbols, 2128 refs, 35 files)
I[14:07:49.089] Indexed C:\Users\edumt\AppData\Local\Arduino15\packages\arduino\hardware\avr\1.8.3\cores\arduino\HardwareSerial3.cpp (0 symbols, 2151 refs, 37 files)
I[14:07:49.093] --> $/progress
V[14:07:49.093] >>> {"jsonrpc":"2.0","method":"$/progress","params":{"token":"backgroundIndexProgress","value":{"kind":"report","message":"22/28","percentage":78.571428571428569}}}

I[14:07:49.093] --> $/progress
V[14:07:49.093] >>> {"jsonrpc":"2.0","method":"$/progress","params":{"token":"backgroundIndexProgress","value":{"kind":"report","message":"22/28","percentage":78.571428571428569}}}

I[14:07:49.096] --> $/progress
V[14:07:49.096] Indexing C:\Users\edumt\AppData\Local\Arduino15\packages\arduino\hardware\avr\1.8.3\cores\arduino\USBCore.cpp (digest:=107386A92FBA4E33)
V[14:07:49.096] >>> {"jsonrpc":"2.0","method":"$/progress","params":{"token":"backgroundIndexProgress","value":{"kind":"report","message":"23/28","percentage":82.142857142857139}}}

I[14:07:49.096] --> $/progress
V[14:07:49.096] >>> {"jsonrpc":"2.0","method":"$/progress","params":{"token":"backgroundIndexProgress","value":{"kind":"report","message":"23/28","percentage":82.142857142857139}}}

V[14:07:49.106] Indexing C:\Users\edumt\AppData\Local\Temp\arduino-language-server454419731\sketch\Cronos2.3.ino.cpp (digest:=A0812D688301AC8B)
I[14:07:49.139] Indexed C:\Users\edumt\AppData\Local\Arduino15\packages\arduino\hardware\avr\1.8.3\cores\arduino\wiring_pulse.c (2 symbols, 2065 refs, 25 files)
I[14:07:49.147] --> $/progress
V[14:07:49.147] >>> {"jsonrpc":"2.0","method":"$/progress","params":{"token":"backgroundIndexProgress","value":{"kind":"report","message":"24/28","percentage":85.714285714285708}}}

I[14:07:49.147] --> $/progress
V[14:07:49.147] >>> {"jsonrpc":"2.0","method":"$/progress","params":{"token":"backgroundIndexProgress","value":{"kind":"report","message":"24/28","percentage":85.714285714285708}}}

V[14:07:49.159] Indexing C:\Users\edumt\AppData\Local\Arduino15\packages\arduino\hardware\avr\1.8.3\cores\arduino\abi.cpp (digest:=EE9DC54FD5E4AEBF)
I[14:07:49.222] Indexed C:\Users\edumt\AppData\Local\Arduino15\packages\arduino\hardware\avr\1.8.3\cores\arduino\abi.cpp (2 symbols, 73 refs, 3 files)
I[14:07:49.226] Indexed C:\Users\edumt\AppData\Local\Arduino15\packages\arduino\hardware\avr\1.8.3\cores\arduino\USBCore.cpp (0 symbols, 2117 refs, 36 files)
I[14:07:49.229] --> $/progress
V[14:07:49.229] >>> {"jsonrpc":"2.0","method":"$/progress","params":{"token":"backgroundIndexProgress","value":{"kind":"report","message":"25/28","percentage":89.285714285714292}}}

I[14:07:49.238] --> $/progress
V[14:07:49.239] >>> {"jsonrpc":"2.0","method":"$/progress","params":{"token":"backgroundIndexProgress","value":{"kind":"report","message":"26/28","percentage":92.857142857142861}}}

I[14:07:49.244] Indexed C:\Users\edumt\AppData\Local\Temp\arduino-language-server454419731\sketch\Cronos2.3.ino.cpp (17 symbols, 2264 refs, 36 files)
I[14:07:49.245] Indexed C:\Users\edumt\AppData\Local\Arduino15\packages\arduino\hardware\avr\1.8.3\cores\arduino\Stream.cpp (15 symbols, 2238 refs, 35 files)
I[14:07:49.475] --> $/progress
V[14:07:49.475] >>> {"jsonrpc":"2.0","method":"$/progress","params":{"token":"backgroundIndexProgress","value":{"kind":"report","message":"27/28","percentage":96.428571428571431}}}

V[14:07:49.476] BackgroundIndex: building version 2 when background indexer is idle
V[14:07:49.494] BackgroundIndex: serving version 2 (1819754 bytes)
I[14:07:49.495] --> $/progress
V[14:07:49.495] >>> {"jsonrpc":"2.0","method":"$/progress","params":{"token":"backgroundIndexProgress","value":{"kind":"end"}}}

